<?xml version="1.0" encoding="UTF-8"?>
<testsuite xmlns:xsi="http://www.w3.org/2001/XMLSchema-instance" xsi:noNamespaceSchemaLocation="https://maven.apache.org/surefire/maven-surefire-plugin/xsd/surefire-test-report.xsd" name="TestSuite" time="13.344" tests="149" errors="0" skipped="0" failures="18">
  <properties>
    <property name="java.vendor" value="Oracle Corporation"/>
    <property name="JOB_NAME" value="test"/>
    <property name="sun.java.launcher" value="SUN_STANDARD"/>
    <property name="windows_tracing_logfile" value="C:\BVTBin\Tests\installpackage\csilogfile.log"/>
    <property name="NUMBER_OF_PROCESSORS" value="4"/>
    <property name="sun.management.compiler" value="HotSpot 64-Bit Tiered Compilers"/>
    <property name="JENKINS_HOME" value="D:\Program Files\jenkins-2.164.1"/>
    <property name="HUDSON_SERVER_COOKIE" value="96c16ebb468c5bfd"/>
    <property name="POM_ARTIFACTID" value="autotest"/>
    <property name="os.name" value="Windows 7"/>
    <property name="sun.boot.class.path" value="C:\Program Files\java\jdk1.8.0_161\jre\lib\resources.jar;C:\Program Files\java\jdk1.8.0_161\jre\lib\rt.jar;C:\Program Files\java\jdk1.8.0_161\jre\lib\sunrsasign.jar;C:\Program Files\java\jdk1.8.0_161\jre\lib\jsse.jar;C:\Program Files\java\jdk1.8.0_161\jre\lib\jce.jar;C:\Program Files\java\jdk1.8.0_161\jre\lib\charsets.jar;C:\Program Files\java\jdk1.8.0_161\jre\lib\jfr.jar;C:\Program Files\java\jdk1.8.0_161\jre\classes"/>
    <property name="EXECUTOR_NUMBER" value="0"/>
    <property name="sun.desktop" value="windows"/>
    <property name="PATHEXT" value=".COM;.EXE;.BAT;.CMD;.VBS;.VBE;.JS;.JSE;.WSF;.WSH;.MSC"/>
    <property name="java.vm.specification.vendor" value="Oracle Corporation"/>
    <property name="POM_DISPLAYNAME" value="autotest"/>
    <property name="NODE_LABELS" value="master"/>
    <property name="TEMP" value="C:\Windows\TEMP"/>
    <property name="java.runtime.version" value="1.8.0_161-b12"/>
    <property name="WINSW_SERVICE_ID" value="Jenkins"/>
    <property name="xmlFileName" value="testSuite.xml"/>
    <property name="user.name" value="L0PAQ64W1L7GFC4$"/>
    <property name="guice.disable.misplaced.annotation.check" value="true"/>
    <property name="CommonProgramW6432" value="C:\Program Files\Common Files"/>
    <property name="ProgramFiles" value="C:\Program Files (x86)"/>
    <property name="NODE_PATH" value="D:\nodejs\node_global\node_modules"/>
    <property name="user.language" value="zh"/>
    <property name="JOB_BASE_NAME" value="test"/>
    <property name="RUN_CHANGES_DISPLAY_URL" value="http://192.168.50.154:8080/job/test/22/display/redirect?page=changes"/>
    <property name="BUILD_DISPLAY_NAME" value="#22"/>
    <property name="sun.boot.library.path" value="C:\Program Files\java\jdk1.8.0_161\jre\bin"/>
    <property name="LOCALAPPDATA" value="C:\Windows\system32\config\systemprofile\AppData\Local"/>
    <property name="java.version" value="1.8.0_161"/>
    <property name="PROCESSOR_LEVEL" value="6"/>
    <property name="user.timezone" value="Asia/Shanghai"/>
    <property name="USERNAME" value="L0PAQ64W1L7GFC4$"/>
    <property name="sun.arch.data.model" value="64"/>
    <property name="NODE_NAME" value="master"/>
    <property name="PROCESSOR_ARCHITEW6432" value="AMD64"/>
    <property name="TERM" value="dumb"/>
    <property name="java.endorsed.dirs" value="C:\Program Files\java\jdk1.8.0_161\jre\lib\endorsed"/>
    <property name="BUILD_ID" value="22"/>
    <property name="sun.cpu.isalist" value="amd64"/>
    <property name="sun.jnu.encoding" value="GBK"/>
    <property name="file.encoding.pkg" value="sun.io"/>
    <property name="file.separator" value="\"/>
    <property name="DEVMGR_SHOW_DETAILS" value="1"/>
    <property name="java.specification.name" value="Java Platform API Specification"/>
    <property name="maven.conf" value="D:\Program Files\apache-maven-3.6.0\conf"/>
    <property name="env" value="test"/>
    <property name="java.class.version" value="52.0"/>
    <property name="org.slf4j.simpleLogger.defaultLogLevel" value="info"/>
    <property name="user.country" value="CN"/>
    <property name="ALLUSERSPROFILE" value="C:\ProgramData"/>
    <property name="java.home" value="C:\Program Files\java\jdk1.8.0_161\jre"/>
    <property name="java.vm.info" value="mixed mode"/>
    <property name="os.version" value="6.1"/>
    <property name="TOMCAT_HOME" value="E:\apache-tomcat-7.0.86"/>
    <property name="CATALINA_HOME" value="E:\apache-tomcat-8.5.35"/>
    <property name="RUN_DISPLAY_URL" value="http://192.168.50.154:8080/job/test/22/display/redirect"/>
    <property name="POM_VERSION" value="1.0-SNAPSHOT"/>
    <property name="TMP" value="C:\Windows\TEMP"/>
    <property name="path.separator" value=";"/>
    <property name="java.vm.version" value="25.161-b12"/>
    <property name="user.variant" value=""/>
    <property name="JOB_DISPLAY_URL" value="http://192.168.50.154:8080/job/test/display/redirect"/>
    <property name="CommonProgramFiles(x86)" value="C:\Program Files (x86)\Common Files"/>
    <property name="java.awt.printerjob" value="sun.awt.windows.WPrinterJob"/>
    <property name="FP_NO_HOST_CHECK" value="NO"/>
    <property name="CommonProgramFiles" value="C:\Program Files (x86)\Common Files"/>
    <property name="JAVA_HOME" value="C:\Program Files\java\jdk1.8.0_161"/>
    <property name="sun.io.unicode.encoding" value="UnicodeLittle"/>
    <property name="ComSpec" value="C:\Windows\system32\cmd.exe"/>
    <property name="awt.toolkit" value="sun.awt.windows.WToolkit"/>
    <property name="POM_PACKAGING" value="jar"/>
    <property name="user.script" value=""/>
    <property name="COMPUTERNAME" value="L0PAQ64W1L7GFC4"/>
    <property name="SERVICE_ID" value="Jenkins"/>
    <property name="POM_GROUPID" value="com.rest"/>
    <property name="user.home" value="C:\Windows\system32\config\systemprofile"/>
    <property name="PUBLIC" value="C:\Users\Public"/>
    <property name="BUILD_TAG" value="jenkins-test-22"/>
    <property name="JENKINS_SERVER_COOKIE" value="96c16ebb468c5bfd"/>
    <property name="HUDSON_URL" value="http://192.168.50.154:8080/"/>
    <property name="ProgramData" value="C:\ProgramData"/>
    <property name="java.specification.vendor" value="Oracle Corporation"/>
    <property name="USERPROFILE" value="C:\Windows\system32\config\systemprofile"/>
    <property name="CLASSPATH" value=""/>
    <property name="java.vendor.url" value="http://java.oracle.com/"/>
    <property name="java.library.path" value="C:\Program Files\java\jdk1.8.0_161\bin;C:\Windows\Sun\Java\bin;C:\Windows\system32;C:\Windows;D:\Program Files\apache-maven-3.6.0/bin;C:\Program Files\java\jdk1.8.0_161/bin;C:\Program Files\java\jdk1.8.0_161/bin;C:\ProgramData\Oracle\Java\javapath;C:\Windows\system32;C:\Windows;C:\Windows\System32\Wbem;C:\Windows\System32\WindowsPowerShell\v1.0\;C:\Program Files\java\jdk1.8.0_161\bin;C:\Program Files\java\jdk1.8.0_161\jre\bin;D:\nodejs\;D:\Program Files\apache-maven-3.6.0\bin;C:\Windows\system32;C:\Windows;C:\Windows\System32\Wbem;C:\Windows\System32\WindowsPowerShell\v1.0\;C:\Program Files\java\jdk1.8.0_161\bin;C:\Program Files\java\jdk1.8.0_161\jre\bin;D:\python3.6;D:\python3.6\Scripts;D:\nodejs\;D:\Program Files\apache-maven-3.6.0\bin;D:\python2.7;D:\python2.7\Scripts;D:\Program Files\apache-ant-1.10.5\bin;E:\apache-tomcat-8.5.35\bin;E:\apache-tomcat-8.5.35\lib;C:\strawberry\c\bin;C:\strawberry\perl\bin;D:\Program Files\apache-jmeter-3.0\bin  ;;."/>
    <property name="java.vm.vendor" value="Oracle Corporation"/>
    <property name="APPDATA" value="C:\Windows\system32\config\systemprofile\AppData\Roaming"/>
    <property name="JMETER_HOME" value="D:\Program Files\apache-jmeter-3.0"/>
    <property name="java.runtime.name" value="Java(TM) SE Runtime Environment"/>
    <property name="maven.home" value="D:\Program Files\apache-maven-3.6.0"/>
    <property name="java.class.path" value="D:\Program Files\jenkins-2.164.1\plugins\maven-plugin\WEB-INF\lib\maven35-agent-1.12.jar;D:\Program Files\apache-maven-3.6.0\boot\plexus-classworlds-2.5.2.jar;D:\Program Files\apache-maven-3.6.0/conf/logging"/>
    <property name="sun.java.command" value="jenkins.maven3.agent.Maven35Main D:\Program Files\apache-maven-3.6.0 D:\Program Files\jenkins-2.164.1\war\WEB-INF\lib\remoting-3.29.jar D:\Program Files\jenkins-2.164.1\plugins\maven-plugin\WEB-INF\lib\maven35-interceptor-1.12.jar D:\Program Files\jenkins-2.164.1\plugins\maven-plugin\WEB-INF\lib\maven3-interceptor-commons-1.12.jar 63833"/>
    <property name="Path" value="C:\Program Files\java\jdk1.8.0_161/bin;C:\ProgramData\Oracle\Java\javapath;C:\Windows\system32;C:\Windows;C:\Windows\System32\Wbem;C:\Windows\System32\WindowsPowerShell\v1.0\;C:\Program Files\java\jdk1.8.0_161\bin;C:\Program Files\java\jdk1.8.0_161\jre\bin;D:\nodejs\;D:\Program Files\apache-maven-3.6.0\bin;C:\Windows\system32;C:\Windows;C:\Windows\System32\Wbem;C:\Windows\System32\WindowsPowerShell\v1.0\;C:\Program Files\java\jdk1.8.0_161\bin;C:\Program Files\java\jdk1.8.0_161\jre\bin;D:\python3.6;D:\python3.6\Scripts;D:\nodejs\;D:\Program Files\apache-maven-3.6.0\bin;D:\python2.7;D:\python2.7\Scripts;D:\Program Files\apache-ant-1.10.5\bin;E:\apache-tomcat-8.5.35\bin;E:\apache-tomcat-8.5.35\lib;C:\strawberry\c\bin;C:\strawberry\perl\bin;D:\Program Files\apache-jmeter-3.0\bin  ;"/>
    <property name="FTP_PASSIVE" value="1"/>
    <property name="java.vm.specification.name" value="Java Virtual Machine Specification"/>
    <property name="PROCESSOR_ARCHITECTURE" value="x86"/>
    <property name="PATH+JDK" value="C:\Program Files\java\jdk1.8.0_161/bin"/>
    <property name="PROCESSOR_IDENTIFIER" value="Intel64 Family 6 Model 158 Stepping 9, GenuineIntel"/>
    <property name="java.vm.specification.version" value="1.8"/>
    <property name="sun.os.patch.level" value="Service Pack 1"/>
    <property name="CATALINA_BASE" value="E:\apache-tomcat-8.5.35"/>
    <property name="sun.cpu.endian" value="little"/>
    <property name="M2_HOME" value="D:\Program Files\apache-maven-3.6.0"/>
    <property name="java.io.tmpdir" value="C:\Windows\TEMP\"/>
    <property name="OS" value="Windows_NT"/>
    <property name="HUDSON_HOME" value="D:\Program Files\jenkins-2.164.1"/>
    <property name="PATH+MAVEN" value="D:\Program Files\apache-maven-3.6.0/bin"/>
    <property name="ProgramFiles(x86)" value="C:\Program Files (x86)"/>
    <property name="BUILD_URL" value="http://192.168.50.154:8080/job/test/22/"/>
    <property name="java.vendor.url.bug" value="http://bugreport.sun.com/bugreport/"/>
    <property name="java.awt.graphicsenv" value="sun.awt.Win32GraphicsEnvironment"/>
    <property name="os.arch" value="amd64"/>
    <property name="SystemRoot" value="C:\Windows"/>
    <property name="windows_tracing_flags" value="3"/>
    <property name="java.ext.dirs" value="C:\Program Files\java\jdk1.8.0_161\jre\lib\ext;C:\Windows\Sun\Java\lib\ext"/>
    <property name="user.dir" value="E:\work\autotest"/>
    <property name="JOB_URL" value="http://192.168.50.154:8080/job/test/"/>
    <property name="USERDOMAIN" value="WorkGroup"/>
    <property name="line.separator" value="&#10;"/>
    <property name="MAVEN_HOME" value="D:\Program Files\apache-maven-3.6.0"/>
    <property name="java.vm.name" value="Java HotSpot(TM) 64-Bit Server VM"/>
    <property name="BUILD_NUMBER" value="22"/>
    <property name="BASE" value="D:\Program Files\jenkins-2.164.1"/>
    <property name="JENKINS_URL" value="http://192.168.50.154:8080/"/>
    <property name="PROCESSOR_REVISION" value="9e09"/>
    <property name="ProgramW6432" value="C:\Program Files"/>
    <property name="windir" value="C:\Windows"/>
    <property name="file.encoding" value="GBK"/>
    <property name="SystemDrive" value="C:"/>
    <property name="maven3.interceptor" value="D:\Program Files\jenkins-2.164.1\plugins\maven-plugin\WEB-INF\lib\maven35-interceptor-1.12.jar"/>
    <property name="WORKSPACE" value="E:\work\autotest"/>
    <property name="maven3.interceptor.common" value="D:\Program Files\jenkins-2.164.1\plugins\maven-plugin\WEB-INF\lib\maven3-interceptor-commons-1.12.jar"/>
    <property name="WINSW_EXECUTABLE" value="D:\Program Files\jenkins-2.164.1\jenkins.exe"/>
    <property name="java.specification.version" value="1.8"/>
    <property name="PSModulePath" value="C:\Windows\system32\WindowsPowerShell\v1.0\Modules\"/>
  </properties>
  <testcase name="getDeviceStatus" classname="com.rest.autotest.http.GetDeviceStatus" time="0.11">
    <failure message="For input string: &quot;4432null&quot;" type="java.net.MalformedURLException">java.net.MalformedURLException: For input string: "4432null"
	at com.rest.autotest.http.GetDeviceStatus.getccuid(GetDeviceStatus.java:45)
	at com.rest.autotest.http.GetDeviceStatus.seturl(GetDeviceStatus.java:66)
	at com.rest.autotest.http.GetDeviceStatus.getDeviceStatus(GetDeviceStatus.java:58)
Caused by: java.lang.NumberFormatException: For input string: "4432null"
	at com.rest.autotest.http.GetDeviceStatus.getccuid(GetDeviceStatus.java:45)
	at com.rest.autotest.http.GetDeviceStatus.seturl(GetDeviceStatus.java:66)
	at com.rest.autotest.http.GetDeviceStatus.getDeviceStatus(GetDeviceStatus.java:58)
</failure>
    <system-err><![CDATA[SLF4J: Failed to load class "org.slf4j.impl.StaticLoggerBinder".
SLF4J: Defaulting to no-operation (NOP) logger implementation
SLF4J: See http://www.slf4j.org/codes.html#StaticLoggerBinder for further details.
]]></system-err>
  </testcase>
  <testcase name="getDeviceStatus" classname="com.rest.autotest.http.GetDeviceStatus" time="0.039">
    <failure message="syntax error, pos 1, line 1, column 2&lt;html&gt;&#10;&lt;head&gt;&#10;&lt;meta http-equiv=&quot;Content-Type&quot; content=&quot;text/html;charset=utf-8&quot;/&gt;&#10;&lt;title&gt;Error 403 No valid crumb was included in the request&lt;/title&gt;&#10;&lt;/head&gt;&#10;&lt;body&gt;&lt;h2&gt;HTTP ERROR 403&lt;/h2&gt;&#10;&lt;p&gt;Problem accessing /null%3A4432/1.0/app/cculist. Reason:&#10;&lt;pre&gt;    No valid crumb was included in the request&lt;/pre&gt;&lt;/p&gt;&lt;hr&gt;&lt;a href=&quot;http://eclipse.org/jetty&quot;&gt;Powered by Jetty:// 9.4.z-SNAPSHOT&lt;/a&gt;&lt;hr/&gt;&#10;&#10;&lt;/body&gt;&#10;&lt;/html&gt;&#10;" type="com.alibaba.fastjson.JSONException"><![CDATA[com.alibaba.fastjson.JSONException: 
syntax error, pos 1, line 1, column 2<html>
<head>
<meta http-equiv="Content-Type" content="text/html;charset=utf-8"/>
<title>Error 403 No valid crumb was included in the request</title>
</head>
<body><h2>HTTP ERROR 403</h2>
<p>Problem accessing /null%3A4432/1.0/app/cculist. Reason:
<pre>    No valid crumb was included in the request</pre></p><hr><a href="http://eclipse.org/jetty">Powered by Jetty:// 9.4.z-SNAPSHOT</a><hr/>

</body>
</html>

	at com.rest.autotest.http.GetDeviceStatus.getccuid(GetDeviceStatus.java:46)
	at com.rest.autotest.http.GetDeviceStatus.seturl(GetDeviceStatus.java:66)
	at com.rest.autotest.http.GetDeviceStatus.getDeviceStatus(GetDeviceStatus.java:58)
]]></failure>
  </testcase>
  <testcase name="getDeviceStatus" classname="com.rest.autotest.http.GetDeviceStatus" time="0.432"/>
  <testcase name="getDeviceStatus" classname="com.rest.autotest.http.GetDeviceStatus" time="0.057"/>
  <testcase name="getDeviceStatus" classname="com.rest.autotest.http.GetDeviceStatus" time="0.122"/>
  <testcase name="getDeviceStatus" classname="com.rest.autotest.http.GetDeviceStatus" time="0.122"/>
  <testcase name="getDeviceStatus" classname="com.rest.autotest.http.GetDeviceStatus" time="0.023"/>
  <testcase name="getDeviceStatus" classname="com.rest.autotest.http.GetDeviceStatus" time="0.044"/>
  <testcase name="getDeviceStatus" classname="com.rest.autotest.http.GetDeviceStatus" time="0.07"/>
  <testcase name="getDeviceStatus" classname="com.rest.autotest.http.GetDeviceStatus" time="0.302"/>
  <testcase name="getDeviceStatus" classname="com.rest.autotest.http.GetDeviceStatus" time="0.029"/>
  <testcase name="getDeviceStatus" classname="com.rest.autotest.http.GetDeviceStatus" time="0.075"/>
  <testcase name="getDeviceStatus" classname="com.rest.autotest.http.GetDeviceStatus" time="0.065"/>
  <testcase name="getDeviceStatus" classname="com.rest.autotest.http.GetDeviceStatus" time="0"/>
  <testcase name="getDeviceStatus" classname="com.rest.autotest.http.GetDeviceStatus" time="0"/>
  <testcase name="getDeviceStatus" classname="com.rest.autotest.http.GetDeviceStatus" time="0.115"/>
  <testcase name="getDeviceStatus" classname="com.rest.autotest.http.GetDeviceStatus" time="0.315"/>
  <testcase name="getDeviceStatus" classname="com.rest.autotest.http.GetDeviceStatus" time="0.019"/>
  <testcase name="getDeviceStatus" classname="com.rest.autotest.http.GetDeviceStatus" time="0.023"/>
  <testcase name="getDeviceStatus" classname="com.rest.autotest.http.GetDeviceStatus" time="0.045"/>
  <testcase name="getDeviceStatus" classname="com.rest.autotest.http.GetDeviceStatus" time="0.098"/>
  <testcase name="getDeviceStatus" classname="com.rest.autotest.http.GetDeviceStatus" time="0"/>
  <testcase name="getDeviceStatus" classname="com.rest.autotest.http.GetDeviceStatus" time="0.106"/>
  <testcase name="getDeviceStatus" classname="com.rest.autotest.http.GetDeviceStatus" time="0.237"/>
  <testcase name="getDeviceStatus" classname="com.rest.autotest.http.GetDeviceStatus" time="0.051"/>
  <testcase name="getDeviceStatus" classname="com.rest.autotest.http.GetDeviceStatus" time="0.066"/>
  <testcase name="getDeviceStatus" classname="com.rest.autotest.http.GetDeviceStatus" time="0.04"/>
  <testcase name="getDeviceStatus" classname="com.rest.autotest.http.GetDeviceStatus" time="0.03"/>
  <testcase name="getDeviceStatus" classname="com.rest.autotest.http.GetDeviceStatus" time="0.083"/>
  <testcase name="getDeviceStatus" classname="com.rest.autotest.http.GetDeviceStatus" time="0.136"/>
  <testcase name="getDeviceStatus" classname="com.rest.autotest.http.GetDeviceStatus" time="0.098">
    <failure message="For input string: &quot;4432null&quot;" type="java.net.MalformedURLException">java.net.MalformedURLException: For input string: "4432null"
	at com.rest.autotest.http.GetDeviceStatus.assertres(GetDeviceStatus.java:92)
	at com.rest.autotest.http.GetDeviceStatus.getDeviceStatus(GetDeviceStatus.java:61)
Caused by: java.lang.NumberFormatException: For input string: "4432null"
	at com.rest.autotest.http.GetDeviceStatus.assertres(GetDeviceStatus.java:92)
	at com.rest.autotest.http.GetDeviceStatus.getDeviceStatus(GetDeviceStatus.java:61)
</failure>
  </testcase>
  <testcase name="getDeviceStatus" classname="com.rest.autotest.http.GetDeviceStatus" time="0.054"/>
  <testcase name="getDeviceStatus" classname="com.rest.autotest.http.GetDeviceStatus" time="0.035"/>
  <testcase name="getDeviceStatus" classname="com.rest.autotest.http.GetDeviceStatus" time="0.045"/>
  <testcase name="getDeviceStatus" classname="com.rest.autotest.http.GetDeviceStatus" time="0.062"/>
  <testcase name="getDeviceStatus" classname="com.rest.autotest.http.GetDeviceStatus" time="0.123"/>
  <testcase name="getDeviceStatus" classname="com.rest.autotest.http.GetDeviceStatus" time="0.222"/>
  <testcase name="getDeviceStatus" classname="com.rest.autotest.http.GetDeviceStatus" time="0">
    <failure type="java.lang.NumberFormatException:">java.lang.NumberFormatException: null
	at com.rest.autotest.http.GetDeviceStatus.assertres(GetDeviceStatus.java:92)
	at com.rest.autotest.http.GetDeviceStatus.getDeviceStatus(GetDeviceStatus.java:61)
</failure>
  </testcase>
  <testcase name="getDeviceStatus" classname="com.rest.autotest.http.GetDeviceStatus" time="0.018">
    <failure message="syntax error, pos 1, line 1, column 2&lt;html&gt;&#10;&lt;head&gt;&#10;&lt;meta http-equiv=&quot;Content-Type&quot; content=&quot;text/html;charset=utf-8&quot;/&gt;&#10;&lt;title&gt;Error 403 No valid crumb was included in the request&lt;/title&gt;&#10;&lt;/head&gt;&#10;&lt;body&gt;&lt;h2&gt;HTTP ERROR 403&lt;/h2&gt;&#10;&lt;p&gt;Problem accessing /null%3A4432/1.0/app/cculist. Reason:&#10;&lt;pre&gt;    No valid crumb was included in the request&lt;/pre&gt;&lt;/p&gt;&lt;hr&gt;&lt;a href=&quot;http://eclipse.org/jetty&quot;&gt;Powered by Jetty:// 9.4.z-SNAPSHOT&lt;/a&gt;&lt;hr/&gt;&#10;&#10;&lt;/body&gt;&#10;&lt;/html&gt;&#10;" type="com.alibaba.fastjson.JSONException"><![CDATA[com.alibaba.fastjson.JSONException: 
syntax error, pos 1, line 1, column 2<html>
<head>
<meta http-equiv="Content-Type" content="text/html;charset=utf-8"/>
<title>Error 403 No valid crumb was included in the request</title>
</head>
<body><h2>HTTP ERROR 403</h2>
<p>Problem accessing /null%3A4432/1.0/app/cculist. Reason:
<pre>    No valid crumb was included in the request</pre></p><hr><a href="http://eclipse.org/jetty">Powered by Jetty:// 9.4.z-SNAPSHOT</a><hr/>

</body>
</html>

	at com.rest.autotest.http.GetDeviceStatus.getccuid(GetDeviceStatus.java:46)
	at com.rest.autotest.http.GetDeviceStatus.seturl(GetDeviceStatus.java:66)
	at com.rest.autotest.http.GetDeviceStatus.getDeviceStatus(GetDeviceStatus.java:58)
]]></failure>
  </testcase>
  <testcase name="getDeviceStatus" classname="com.rest.autotest.http.GetDeviceStatus" time="0.102"/>
  <testcase name="getDeviceStatus" classname="com.rest.autotest.http.GetDeviceStatus" time="0.004">
    <failure message="syntax error, pos 1, line 1, column 2Access is denied" type="com.alibaba.fastjson.JSONException">com.alibaba.fastjson.JSONException: syntax error, pos 1, line 1, column 2Access is denied
	at com.rest.autotest.http.GetDeviceStatus.assertres(GetDeviceStatus.java:92)
	at com.rest.autotest.http.GetDeviceStatus.getDeviceStatus(GetDeviceStatus.java:61)
</failure>
  </testcase>
  <testcase name="getDeviceStatus" classname="com.rest.autotest.http.GetDeviceStatus" time="0.093"/>
  <testcase name="getDeviceStatus" classname="com.rest.autotest.http.GetDeviceStatus" time="0.018"/>
  <testcase name="getDeviceStatus" classname="com.rest.autotest.http.GetDeviceStatus" time="0.065"/>
  <testcase name="getDeviceStatus" classname="com.rest.autotest.http.GetDeviceStatus" time="0"/>
  <testcase name="getDeviceStatus" classname="com.rest.autotest.http.GetDeviceStatus" time="0.104"/>
  <testcase name="getDeviceStatus" classname="com.rest.autotest.http.GetDeviceStatus" time="0.052"/>
  <testcase name="getDeviceStatus" classname="com.rest.autotest.http.GetDeviceStatus" time="0.044"/>
  <testcase name="getDeviceStatus" classname="com.rest.autotest.http.GetDeviceStatus" time="0.06"/>
  <testcase name="getDeviceStatus" classname="com.rest.autotest.http.GetDeviceStatus" time="0.137"/>
  <testcase name="getDeviceStatus" classname="com.rest.autotest.http.GetDeviceStatus" time="0.023"/>
  <testcase name="getDeviceStatus" classname="com.rest.autotest.http.GetDeviceStatus" time="0.013"/>
  <testcase name="getDeviceStatus" classname="com.rest.autotest.http.GetDeviceStatus" time="0.091"/>
  <testcase name="getDeviceStatus" classname="com.rest.autotest.http.GetDeviceStatus" time="0.087"/>
  <testcase name="getDeviceStatus" classname="com.rest.autotest.http.GetDeviceStatus" time="0"/>
  <testcase name="getDeviceStatus" classname="com.rest.autotest.http.GetDeviceStatus" time="0.031"/>
  <testcase name="getDeviceStatus" classname="com.rest.autotest.http.GetDeviceStatus" time="0.049"/>
  <testcase name="getDeviceStatus" classname="com.rest.autotest.http.GetDeviceStatus" time="0.063"/>
  <testcase name="getDeviceStatus" classname="com.rest.autotest.http.GetDeviceStatus" time="0.045"/>
  <testcase name="getDeviceStatus" classname="com.rest.autotest.http.GetDeviceStatus" time="0.162"/>
  <testcase name="getDeviceStatus" classname="com.rest.autotest.http.GetDeviceStatus" time="0.006"/>
  <testcase name="getDeviceStatus" classname="com.rest.autotest.http.GetDeviceStatus" time="0.05"/>
  <testcase name="getDeviceStatus" classname="com.rest.autotest.http.GetDeviceStatus" time="0.057">
    <failure message="syntax error, pos 1, line 1, column 2&lt;html&gt;&#10;&lt;head&gt;&#10;&lt;meta http-equiv=&quot;Content-Type&quot; content=&quot;text/html;charset=utf-8&quot;/&gt;&#10;&lt;title&gt;Error 403 No valid crumb was included in the request&lt;/title&gt;&#10;&lt;/head&gt;&#10;&lt;body&gt;&lt;h2&gt;HTTP ERROR 403&lt;/h2&gt;&#10;&lt;p&gt;Problem accessing /null%3A4432/1.0/app/ccu/7f03de27-5447-4266-9491-e800867dccf9/deviceStatus. Reason:&#10;&lt;pre&gt;    No valid crumb was included in the request&lt;/pre&gt;&lt;/p&gt;&lt;hr&gt;&lt;a href=&quot;http://eclipse.org/jetty&quot;&gt;Powered by Jetty:// 9.4.z-SNAPSHOT&lt;/a&gt;&lt;hr/&gt;&#10;&#10;&lt;/body&gt;&#10;&lt;/html&gt;&#10;" type="com.alibaba.fastjson.JSONException"><![CDATA[com.alibaba.fastjson.JSONException: 
syntax error, pos 1, line 1, column 2<html>
<head>
<meta http-equiv="Content-Type" content="text/html;charset=utf-8"/>
<title>Error 403 No valid crumb was included in the request</title>
</head>
<body><h2>HTTP ERROR 403</h2>
<p>Problem accessing /null%3A4432/1.0/app/ccu/7f03de27-5447-4266-9491-e800867dccf9/deviceStatus. Reason:
<pre>    No valid crumb was included in the request</pre></p><hr><a href="http://eclipse.org/jetty">Powered by Jetty:// 9.4.z-SNAPSHOT</a><hr/>

</body>
</html>

	at com.rest.autotest.http.GetDeviceStatus.assertres(GetDeviceStatus.java:92)
	at com.rest.autotest.http.GetDeviceStatus.getDeviceStatus(GetDeviceStatus.java:61)
]]></failure>
  </testcase>
  <testcase name="getDeviceStatus" classname="com.rest.autotest.http.GetDeviceStatus" time="0"/>
  <testcase name="getDeviceStatus" classname="com.rest.autotest.http.GetDeviceStatus" time="0.028"/>
  <testcase name="getDeviceStatus" classname="com.rest.autotest.http.GetDeviceStatus" time="0.049"/>
  <testcase name="getDeviceStatus" classname="com.rest.autotest.http.GetDeviceStatus" time="0.04"/>
  <testcase name="getDeviceStatus" classname="com.rest.autotest.http.GetDeviceStatus" time="0.088"/>
  <testcase name="getDeviceStatus" classname="com.rest.autotest.http.GetDeviceStatus" time="0.046"/>
  <testcase name="getDeviceStatus" classname="com.rest.autotest.http.GetDeviceStatus" time="0.209"/>
  <testcase name="getDeviceStatus" classname="com.rest.autotest.http.GetDeviceStatus" time="0.012"/>
  <testcase name="getDeviceStatus" classname="com.rest.autotest.http.GetDeviceStatus" time="0"/>
  <testcase name="getDeviceStatus" classname="com.rest.autotest.http.GetDeviceStatus" time="0"/>
  <testcase name="getDeviceStatus" classname="com.rest.autotest.http.GetDeviceStatus" time="0.037"/>
  <testcase name="getDeviceStatus" classname="com.rest.autotest.http.GetDeviceStatus" time="0.041">
    <failure type="java.lang.NullPointerException">java.lang.NullPointerException
	at com.rest.autotest.http.GetDeviceStatus.assertres(GetDeviceStatus.java:92)
	at com.rest.autotest.http.GetDeviceStatus.getDeviceStatus(GetDeviceStatus.java:61)
</failure>
  </testcase>
  <testcase name="getDeviceStatus" classname="com.rest.autotest.http.GetDeviceStatus" time="0.077"/>
  <testcase name="getDeviceStatus" classname="com.rest.autotest.http.GetDeviceStatus" time="0"/>
  <testcase name="getDeviceStatus" classname="com.rest.autotest.http.GetDeviceStatus" time="0.066"/>
  <testcase name="getDeviceStatus" classname="com.rest.autotest.http.GetDeviceStatus" time="0.058"/>
  <testcase name="getDeviceStatus" classname="com.rest.autotest.http.GetDeviceStatus" time="0.217"/>
  <testcase name="getDeviceStatus" classname="com.rest.autotest.http.GetDeviceStatus" time="0.022"/>
  <testcase name="getDeviceStatus" classname="com.rest.autotest.http.GetDeviceStatus" time="0.019"/>
  <testcase name="getDeviceStatus" classname="com.rest.autotest.http.GetDeviceStatus" time="0.005"/>
  <testcase name="getDeviceStatus" classname="com.rest.autotest.http.GetDeviceStatus" time="0.109"/>
  <testcase name="getDeviceStatus" classname="com.rest.autotest.http.GetDeviceStatus" time="0.044"/>
  <testcase name="getDeviceStatus" classname="com.rest.autotest.http.GetDeviceStatus" time="0.03"/>
  <testcase name="getDeviceStatus" classname="com.rest.autotest.http.GetDeviceStatus" time="0"/>
  <testcase name="getDeviceStatus" classname="com.rest.autotest.http.GetDeviceStatus" time="0.025"/>
  <testcase name="getDeviceStatus" classname="com.rest.autotest.http.GetDeviceStatus" time="0"/>
  <testcase name="getDeviceStatus" classname="com.rest.autotest.http.GetDeviceStatus" time="0.246"/>
  <testcase name="getDeviceStatus" classname="com.rest.autotest.http.GetDeviceStatus" time="0.001"/>
  <testcase name="getDeviceStatus" classname="com.rest.autotest.http.GetDeviceStatus" time="0.071"/>
  <testcase name="getDeviceStatus" classname="com.rest.autotest.http.GetDeviceStatus" time="0.092"/>
  <testcase name="getDeviceStatus" classname="com.rest.autotest.http.GetDeviceStatus" time="0.017">
    <failure message="syntax error, pos 1, line 1, column 2&lt;html&gt;&#10;&lt;head&gt;&#10;&lt;meta http-equiv=&quot;Content-Type&quot; content=&quot;text/html;charset=utf-8&quot;/&gt;&#10;&lt;title&gt;Error 403 No valid crumb was included in the request&lt;/title&gt;&#10;&lt;/head&gt;&#10;&lt;body&gt;&lt;h2&gt;HTTP ERROR 403&lt;/h2&gt;&#10;&lt;p&gt;Problem accessing /null%3A4432/1.0/app/ccu/7f03de27-5447-4266-9491-e800867dccf9/deviceStatus. Reason:&#10;&lt;pre&gt;    No valid crumb was included in the request&lt;/pre&gt;&lt;/p&gt;&lt;hr&gt;&lt;a href=&quot;http://eclipse.org/jetty&quot;&gt;Powered by Jetty:// 9.4.z-SNAPSHOT&lt;/a&gt;&lt;hr/&gt;&#10;&#10;&lt;/body&gt;&#10;&lt;/html&gt;&#10;" type="com.alibaba.fastjson.JSONException"><![CDATA[com.alibaba.fastjson.JSONException: 
syntax error, pos 1, line 1, column 2<html>
<head>
<meta http-equiv="Content-Type" content="text/html;charset=utf-8"/>
<title>Error 403 No valid crumb was included in the request</title>
</head>
<body><h2>HTTP ERROR 403</h2>
<p>Problem accessing /null%3A4432/1.0/app/ccu/7f03de27-5447-4266-9491-e800867dccf9/deviceStatus. Reason:
<pre>    No valid crumb was included in the request</pre></p><hr><a href="http://eclipse.org/jetty">Powered by Jetty:// 9.4.z-SNAPSHOT</a><hr/>

</body>
</html>

	at com.rest.autotest.http.GetDeviceStatus.assertres(GetDeviceStatus.java:92)
	at com.rest.autotest.http.GetDeviceStatus.getDeviceStatus(GetDeviceStatus.java:61)
]]></failure>
  </testcase>
  <testcase name="getDeviceStatus" classname="com.rest.autotest.http.GetDeviceStatus" time="0.028"/>
  <testcase name="getDeviceStatus" classname="com.rest.autotest.http.GetDeviceStatus" time="0.028"/>
  <testcase name="getDeviceStatus" classname="com.rest.autotest.http.GetDeviceStatus" time="0.041"/>
  <testcase name="getDeviceStatus" classname="com.rest.autotest.http.GetDeviceStatus" time="0.041"/>
  <testcase name="getDeviceStatus" classname="com.rest.autotest.http.GetDeviceStatus" time="0.005"/>
  <testcase name="getDeviceStatus" classname="com.rest.autotest.http.GetDeviceStatus" time="0.004">
    <failure message="syntax error, pos 1, line 1, column 2&lt;html&gt;&#10;&lt;head&gt;&#10;&lt;meta http-equiv=&quot;Content-Type&quot; content=&quot;text/html;charset=utf-8&quot;/&gt;&#10;&lt;title&gt;Error 403 No valid crumb was included in the request&lt;/title&gt;&#10;&lt;/head&gt;&#10;&lt;body&gt;&lt;h2&gt;HTTP ERROR 403&lt;/h2&gt;&#10;&lt;p&gt;Problem accessing /null%3A4432/1.0/app/cculist. Reason:&#10;&lt;pre&gt;    No valid crumb was included in the request&lt;/pre&gt;&lt;/p&gt;&lt;hr&gt;&lt;a href=&quot;http://eclipse.org/jetty&quot;&gt;Powered by Jetty:// 9.4.z-SNAPSHOT&lt;/a&gt;&lt;hr/&gt;&#10;&#10;&lt;/body&gt;&#10;&lt;/html&gt;&#10;" type="com.alibaba.fastjson.JSONException"><![CDATA[com.alibaba.fastjson.JSONException: 
syntax error, pos 1, line 1, column 2<html>
<head>
<meta http-equiv="Content-Type" content="text/html;charset=utf-8"/>
<title>Error 403 No valid crumb was included in the request</title>
</head>
<body><h2>HTTP ERROR 403</h2>
<p>Problem accessing /null%3A4432/1.0/app/cculist. Reason:
<pre>    No valid crumb was included in the request</pre></p><hr><a href="http://eclipse.org/jetty">Powered by Jetty:// 9.4.z-SNAPSHOT</a><hr/>

</body>
</html>

	at com.rest.autotest.http.GetDeviceStatus.getccuid(GetDeviceStatus.java:46)
	at com.rest.autotest.http.GetDeviceStatus.seturl(GetDeviceStatus.java:66)
	at com.rest.autotest.http.GetDeviceStatus.getDeviceStatus(GetDeviceStatus.java:58)
]]></failure>
  </testcase>
  <testcase name="getDeviceStatus" classname="com.rest.autotest.http.GetDeviceStatus" time="0.298"/>
  <testcase name="getDeviceStatus" classname="com.rest.autotest.http.GetDeviceStatus" time="0.01"/>
  <testcase name="getDeviceStatus" classname="com.rest.autotest.http.GetDeviceStatus" time="0.183"/>
  <testcase name="getDeviceStatus" classname="com.rest.autotest.http.GetDeviceStatus" time="0.486"/>
  <testcase name="getDeviceStatus" classname="com.rest.autotest.http.GetDeviceStatus" time="0.112"/>
  <testcase name="getDeviceStatus" classname="com.rest.autotest.http.GetDeviceStatus" time="0.019"/>
  <testcase name="getDeviceStatus" classname="com.rest.autotest.http.GetDeviceStatus" time="0.002"/>
  <testcase name="getDeviceStatus" classname="com.rest.autotest.http.GetDeviceStatus" time="0"/>
  <testcase name="getDeviceStatus" classname="com.rest.autotest.http.GetDeviceStatus" time="0.011"/>
  <testcase name="getDeviceStatus" classname="com.rest.autotest.http.GetDeviceStatus" time="0.025"/>
  <testcase name="getDeviceStatus" classname="com.rest.autotest.http.GetDeviceStatus" time="0.204">
    <failure type="java.lang.NumberFormatException:">java.lang.NumberFormatException: null
	at com.rest.autotest.http.GetDeviceStatus.assertres(GetDeviceStatus.java:92)
	at com.rest.autotest.http.GetDeviceStatus.getDeviceStatus(GetDeviceStatus.java:61)
</failure>
  </testcase>
  <testcase name="getDeviceStatus" classname="com.rest.autotest.http.GetDeviceStatus" time="0.035"/>
  <testcase name="getDeviceStatus" classname="com.rest.autotest.http.GetDeviceStatus" time="0.095"/>
  <testcase name="getDeviceStatus" classname="com.rest.autotest.http.GetDeviceStatus" time="0.078">
    <failure type="java.lang.NumberFormatException:">java.lang.NumberFormatException: null
	at com.rest.autotest.http.GetDeviceStatus.assertres(GetDeviceStatus.java:92)
	at com.rest.autotest.http.GetDeviceStatus.getDeviceStatus(GetDeviceStatus.java:61)
</failure>
  </testcase>
  <testcase name="getDeviceStatus" classname="com.rest.autotest.http.GetDeviceStatus" time="0.099"/>
  <testcase name="getDeviceStatus" classname="com.rest.autotest.http.GetDeviceStatus" time="0.072"/>
  <testcase name="getDeviceStatus" classname="com.rest.autotest.http.GetDeviceStatus" time="0"/>
  <testcase name="getDeviceStatus" classname="com.rest.autotest.http.GetDeviceStatus" time="0.068"/>
  <testcase name="getDeviceStatus" classname="com.rest.autotest.http.GetDeviceStatus" time="0.021"/>
  <testcase name="getDeviceStatus" classname="com.rest.autotest.http.GetDeviceStatus" time="0.031"/>
  <testcase name="getDeviceStatus" classname="com.rest.autotest.http.GetDeviceStatus" time="0.268">
    <failure message="java.lang.IllegalStateException: Expected BEGIN_ARRAY but was STRING at line 1 column 1 path $" type="com.google.gson.JsonSyntaxException">com.google.gson.JsonSyntaxException: java.lang.IllegalStateException: Expected BEGIN_ARRAY but was STRING at line 1 column 1 path $
	at com.rest.autotest.http.GetDeviceStatus.assertres(GetDeviceStatus.java:92)
	at com.rest.autotest.http.GetDeviceStatus.getDeviceStatus(GetDeviceStatus.java:61)
Caused by: java.lang.IllegalStateException: Expected BEGIN_ARRAY but was STRING at line 1 column 1 path $
	at com.rest.autotest.http.GetDeviceStatus.assertres(GetDeviceStatus.java:92)
	at com.rest.autotest.http.GetDeviceStatus.getDeviceStatus(GetDeviceStatus.java:61)
</failure>
  </testcase>
  <testcase name="getDeviceStatus" classname="com.rest.autotest.http.GetDeviceStatus" time="0.035">
    <failure type="java.lang.NullPointerException">java.lang.NullPointerException
	at com.rest.autotest.http.GetDeviceStatus.assertres(GetDeviceStatus.java:92)
	at com.rest.autotest.http.GetDeviceStatus.getDeviceStatus(GetDeviceStatus.java:61)
</failure>
  </testcase>
  <testcase name="getDeviceStatus" classname="com.rest.autotest.http.GetDeviceStatus" time="0.182">
    <failure type="java.lang.NumberFormatException:">java.lang.NumberFormatException: null
	at com.rest.autotest.http.GetDeviceStatus.assertres(GetDeviceStatus.java:92)
	at com.rest.autotest.http.GetDeviceStatus.getDeviceStatus(GetDeviceStatus.java:61)
</failure>
    <system-out><![CDATA[2019-04-10 19:43:07  [ com.rest.autotest.asserts.StatusResponseAsserts.statusResponseAsserts(52) ] - [ INFO ]  操作成功->响应与预期一致:{"id":17815,"type":"KONKE_ZIGBEE_TEMPSENSOR","status":{"num":21.093,"low_power":false,"battery":0,"onlineState":"ONLINE"},"extraInfo":{"channel":1,"gwMac":"00:12:4B:00:0C:C0:F0:A2","mac":"00:12:4B:00:19:C8:F4:AF"}}
]]></system-out>
  </testcase>
  <testcase name="getDeviceStatus" classname="com.rest.autotest.http.GetDeviceStatus" time="0"/>
  <testcase name="getDeviceStatus" classname="com.rest.autotest.http.GetDeviceStatus" time="0.198"/>
  <testcase name="getDeviceStatus" classname="com.rest.autotest.http.GetDeviceStatus" time="0.015">
    <failure type="java.lang.NullPointerException">java.lang.NullPointerException
	at com.rest.autotest.http.GetDeviceStatus.assertres(GetDeviceStatus.java:92)
	at com.rest.autotest.http.GetDeviceStatus.getDeviceStatus(GetDeviceStatus.java:61)
</failure>
  </testcase>
  <testcase name="getDeviceStatus" classname="com.rest.autotest.http.GetDeviceStatus" time="0.161"/>
  <testcase name="getDeviceStatus" classname="com.rest.autotest.http.GetDeviceStatus" time="0.031"/>
  <testcase name="getDeviceStatus" classname="com.rest.autotest.http.GetDeviceStatus" time="0.044"/>
  <testcase name="getDeviceStatus" classname="com.rest.autotest.http.GetDeviceStatus" time="0.058"/>
  <testcase name="getDeviceStatus" classname="com.rest.autotest.http.GetDeviceStatus" time="0.272"/>
  <testcase name="getDeviceStatus" classname="com.rest.autotest.http.GetDeviceStatus" time="0.057"/>
  <testcase name="getDeviceStatus" classname="com.rest.autotest.http.GetDeviceStatus" time="0.057"/>
  <testcase name="getDeviceStatus" classname="com.rest.autotest.http.GetDeviceStatus" time="0.044"/>
  <testcase name="getDeviceStatus" classname="com.rest.autotest.http.GetDeviceStatus" time="0.13"/>
  <testcase name="getDeviceStatus" classname="com.rest.autotest.http.GetDeviceStatus" time="0.011"/>
  <testcase name="getDeviceStatus" classname="com.rest.autotest.http.GetDeviceStatus" time="0.032">
    <failure message="java.lang.IllegalStateException: Expected BEGIN_ARRAY but was BEGIN_OBJECT at line 1 column 2 path $" type="com.google.gson.JsonSyntaxException">com.google.gson.JsonSyntaxException: java.lang.IllegalStateException: Expected BEGIN_ARRAY but was BEGIN_OBJECT at line 1 column 2 path $
	at com.rest.autotest.http.GetDeviceStatus.assertres(GetDeviceStatus.java:92)
	at com.rest.autotest.http.GetDeviceStatus.getDeviceStatus(GetDeviceStatus.java:61)
Caused by: java.lang.IllegalStateException: Expected BEGIN_ARRAY but was BEGIN_OBJECT at line 1 column 2 path $
	at com.rest.autotest.http.GetDeviceStatus.assertres(GetDeviceStatus.java:92)
	at com.rest.autotest.http.GetDeviceStatus.getDeviceStatus(GetDeviceStatus.java:61)
</failure>
  </testcase>
  <testcase name="getDeviceStatus" classname="com.rest.autotest.http.GetDeviceStatus" time="0.039"/>
  <testcase name="getDeviceStatus" classname="com.rest.autotest.http.GetDeviceStatus" time="0.058"/>
  <testcase name="getDeviceStatus" classname="com.rest.autotest.http.GetDeviceStatus" time="0.153"/>
  <testcase name="getDeviceStatus" classname="com.rest.autotest.http.GetDeviceStatus" time="0.163"/>
  <testcase name="getDeviceStatus" classname="com.rest.autotest.http.GetDeviceStatus" time="0.241"/>
  <testcase name="getDeviceStatus" classname="com.rest.autotest.http.GetDeviceStatus" time="0.243"/>
  <testcase name="getDeviceStatus" classname="com.rest.autotest.http.GetDeviceStatus" time="0.273">
    <failure message="syntax error, pos 1, line 1, column 2Access is denied" type="com.alibaba.fastjson.JSONException">com.alibaba.fastjson.JSONException: syntax error, pos 1, line 1, column 2Access is denied
	at com.rest.autotest.http.GetDeviceStatus.assertres(GetDeviceStatus.java:92)
	at com.rest.autotest.http.GetDeviceStatus.getDeviceStatus(GetDeviceStatus.java:61)
</failure>
  </testcase>
  <testcase name="getDeviceStatus" classname="com.rest.autotest.http.GetDeviceStatus" time="0.388"/>
  <testcase name="getDeviceStatus" classname="com.rest.autotest.http.GetDeviceStatus" time="0.411"/>
  <testcase name="getDeviceStatus" classname="com.rest.autotest.http.GetDeviceStatus" time="0.469"/>
  <testcase name="getDeviceStatus" classname="com.rest.autotest.http.GetDeviceStatus" time="0.478"/>
  <testcase name="getDeviceStatus" classname="com.rest.autotest.http.GetDeviceStatus" time="0.549"/>
</testsuite>