<?xml version="1.0" encoding="UTF-8"?>
<!-- Generated by org.testng.reporters.JUnitReportReporter -->
<testsuite skipped="0" hostname="L0PAQ64W1L7GFC4" name="com.rest.autotest.http.GetDeviceStatus" tests="149" failures="0" timestamp="10 四月 2019 11:43:09 GMT" time="104.909" errors="18">
  <testcase name="getDeviceStatus" time="0.631" classname="com.rest.autotest.http.GetDeviceStatus"/>
  <testcase name="getDeviceStatus" time="0.517" classname="com.rest.autotest.http.GetDeviceStatus"/>
  <testcase name="getDeviceStatus" time="1.173" classname="com.rest.autotest.http.GetDeviceStatus"/>
  <testcase name="getDeviceStatus" time="0.511" classname="com.rest.autotest.http.GetDeviceStatus"/>
  <testcase name="getDeviceStatus" time="0.577" classname="com.rest.autotest.http.GetDeviceStatus"/>
  <testcase name="getDeviceStatus" time="0.824" classname="com.rest.autotest.http.GetDeviceStatus">
    <error type="java.lang.NullPointerException">
      <![CDATA[java.lang.NullPointerException
	at com.rest.autotest.asserts.StatusResponseAsserts.statusResponseAsserts(StatusResponseAsserts.java:43)
	at com.rest.autotest.http.GetDeviceStatus.assertres(GetDeviceStatus.java:92)
	at com.rest.autotest.http.GetDeviceStatus.getDeviceStatus(GetDeviceStatus.java:61)
	at sun.reflect.GeneratedMethodAccessor155.invoke(Unknown Source)
	at sun.reflect.DelegatingMethodAccessorImpl.invoke(DelegatingMethodAccessorImpl.java:43)
	at java.lang.reflect.Method.invoke(Method.java:498)
	at org.testng.internal.MethodInvocationHelper.invokeMethod(MethodInvocationHelper.java:108)
	at org.testng.internal.Invoker.invokeMethod(Invoker.java:661)
	at org.testng.internal.Invoker.invokeTestMethod(Invoker.java:869)
	at org.testng.internal.TestMethodWithDataProviderMethodWorker.call(TestMethodWithDataProviderMethodWorker.java:75)
	at org.testng.internal.TestMethodWithDataProviderMethodWorker.call(TestMethodWithDataProviderMethodWorker.java:14)
	at java.util.concurrent.FutureTask.run(FutureTask.java:266)
	at java.util.concurrent.Executors$RunnableAdapter.call(Executors.java:511)
	at java.util.concurrent.FutureTask.run(FutureTask.java:266)
	at java.util.concurrent.ThreadPoolExecutor.runWorker(ThreadPoolExecutor.java:1149)
	at java.util.concurrent.ThreadPoolExecutor$Worker.run(ThreadPoolExecutor.java:624)
	at java.lang.Thread.run(Thread.java:748)
]]>
    </error>
  </testcase> <!-- getDeviceStatus -->
  <testcase name="getDeviceStatus" time="0.628" classname="com.rest.autotest.http.GetDeviceStatus"/>
  <testcase name="getDeviceStatus" time="0.659" classname="com.rest.autotest.http.GetDeviceStatus"/>
  <testcase name="getDeviceStatus" time="0.500" classname="com.rest.autotest.http.GetDeviceStatus"/>
  <testcase name="getDeviceStatus" time="1.174" classname="com.rest.autotest.http.GetDeviceStatus"/>
  <testcase name="getDeviceStatus" time="0.662" classname="com.rest.autotest.http.GetDeviceStatus"/>
  <testcase name="getDeviceStatus" time="0.549" classname="com.rest.autotest.http.GetDeviceStatus"/>
  <testcase name="getDeviceStatus" time="0.562" classname="com.rest.autotest.http.GetDeviceStatus"/>
  <testcase name="getDeviceStatus" time="0.511" classname="com.rest.autotest.http.GetDeviceStatus"/>
  <testcase name="getDeviceStatus" time="0.513" classname="com.rest.autotest.http.GetDeviceStatus"/>
  <testcase name="getDeviceStatus" time="0.602" classname="com.rest.autotest.http.GetDeviceStatus"/>
  <testcase name="getDeviceStatus" time="0.562" classname="com.rest.autotest.http.GetDeviceStatus"/>
  <testcase name="getDeviceStatus" time="0.502" classname="com.rest.autotest.http.GetDeviceStatus"/>
  <testcase name="getDeviceStatus" time="0.692" classname="com.rest.autotest.http.GetDeviceStatus"/>
  <testcase name="getDeviceStatus" time="1.102" classname="com.rest.autotest.http.GetDeviceStatus"/>
  <testcase name="getDeviceStatus" time="1.023" classname="com.rest.autotest.http.GetDeviceStatus"/>
  <testcase name="getDeviceStatus" time="0.662" classname="com.rest.autotest.http.GetDeviceStatus"/>
  <testcase name="getDeviceStatus" time="0.817" classname="com.rest.autotest.http.GetDeviceStatus">
    <error type="java.lang.NullPointerException">
      <![CDATA[java.lang.NullPointerException
	at com.rest.autotest.asserts.StatusResponseAsserts.statusResponseAsserts(StatusResponseAsserts.java:43)
	at com.rest.autotest.http.GetDeviceStatus.assertres(GetDeviceStatus.java:92)
	at com.rest.autotest.http.GetDeviceStatus.getDeviceStatus(GetDeviceStatus.java:61)
	at sun.reflect.GeneratedMethodAccessor155.invoke(Unknown Source)
	at sun.reflect.DelegatingMethodAccessorImpl.invoke(DelegatingMethodAccessorImpl.java:43)
	at java.lang.reflect.Method.invoke(Method.java:498)
	at org.testng.internal.MethodInvocationHelper.invokeMethod(MethodInvocationHelper.java:108)
	at org.testng.internal.Invoker.invokeMethod(Invoker.java:661)
	at org.testng.internal.Invoker.invokeTestMethod(Invoker.java:869)
	at org.testng.internal.TestMethodWithDataProviderMethodWorker.call(TestMethodWithDataProviderMethodWorker.java:75)
	at org.testng.internal.TestMethodWithDataProviderMethodWorker.call(TestMethodWithDataProviderMethodWorker.java:14)
	at java.util.concurrent.FutureTask.run(FutureTask.java:266)
	at java.util.concurrent.Executors$RunnableAdapter.call(Executors.java:511)
	at java.util.concurrent.FutureTask.run(FutureTask.java:266)
	at java.util.concurrent.ThreadPoolExecutor.runWorker(ThreadPoolExecutor.java:1149)
	at java.util.concurrent.ThreadPoolExecutor$Worker.run(ThreadPoolExecutor.java:624)
	at java.lang.Thread.run(Thread.java:748)
]]>
    </error>
  </testcase> <!-- getDeviceStatus -->
  <testcase name="getDeviceStatus" time="0.535" classname="com.rest.autotest.http.GetDeviceStatus"/>
  <testcase name="getDeviceStatus" time="0.642" classname="com.rest.autotest.http.GetDeviceStatus">
    <error type="com.google.gson.JsonSyntaxException" message="java.lang.IllegalStateException: Expected BEGIN_ARRAY but was STRING at line 1 column 1 path $">
      <![CDATA[com.google.gson.JsonSyntaxException: java.lang.IllegalStateException: Expected BEGIN_ARRAY but was STRING at line 1 column 1 path $
	at com.google.gson.Gson.fromJson(Gson.java:939)
	at com.google.gson.Gson.fromJson(Gson.java:892)
	at com.google.gson.Gson.fromJson(Gson.java:841)
	at com.rest.autotest.utils.JsonUtil.fromJson(JsonUtil.java:18)
	at com.rest.autotest.data.DataBuilder.statusdatabuilder(DataBuilder.java:91)
	at com.rest.autotest.asserts.StatusResponseAsserts.statusResponseAsserts(StatusResponseAsserts.java:28)
	at com.rest.autotest.http.GetDeviceStatus.assertres(GetDeviceStatus.java:92)
	at com.rest.autotest.http.GetDeviceStatus.getDeviceStatus(GetDeviceStatus.java:61)
	at sun.reflect.GeneratedMethodAccessor155.invoke(Unknown Source)
	at sun.reflect.DelegatingMethodAccessorImpl.invoke(DelegatingMethodAccessorImpl.java:43)
	at java.lang.reflect.Method.invoke(Method.java:498)
	at org.testng.internal.MethodInvocationHelper.invokeMethod(MethodInvocationHelper.java:108)
	at org.testng.internal.Invoker.invokeMethod(Invoker.java:661)
	at org.testng.internal.Invoker.invokeTestMethod(Invoker.java:869)
	at org.testng.internal.TestMethodWithDataProviderMethodWorker.call(TestMethodWithDataProviderMethodWorker.java:75)
	at org.testng.internal.TestMethodWithDataProviderMethodWorker.call(TestMethodWithDataProviderMethodWorker.java:14)
	at java.util.concurrent.FutureTask.run(FutureTask.java:266)
	at java.util.concurrent.Executors$RunnableAdapter.call(Executors.java:511)
	at java.util.concurrent.FutureTask.run(FutureTask.java:266)
	at java.util.concurrent.ThreadPoolExecutor.runWorker(ThreadPoolExecutor.java:1149)
	at java.util.concurrent.ThreadPoolExecutor$Worker.run(ThreadPoolExecutor.java:624)
	at java.lang.Thread.run(Thread.java:748)
Caused by: java.lang.IllegalStateException: Expected BEGIN_ARRAY but was STRING at line 1 column 1 path $
	at com.google.gson.stream.JsonReader.beginArray(JsonReader.java:350)
	at com.google.gson.internal.bind.CollectionTypeAdapterFactory$Adapter.read(CollectionTypeAdapterFactory.java:80)
	at com.google.gson.internal.bind.CollectionTypeAdapterFactory$Adapter.read(CollectionTypeAdapterFactory.java:61)
	at com.google.gson.Gson.fromJson(Gson.java:927)
	... 21 more
]]>
    </error>
  </testcase> <!-- getDeviceStatus -->
  <testcase name="getDeviceStatus" time="0.564" classname="com.rest.autotest.http.GetDeviceStatus"/>
  <testcase name="getDeviceStatus" time="1.181" classname="com.rest.autotest.http.GetDeviceStatus"/>
  <testcase name="getDeviceStatus" time="0.614" classname="com.rest.autotest.http.GetDeviceStatus"/>
  <testcase name="getDeviceStatus" time="0.528" classname="com.rest.autotest.http.GetDeviceStatus"/>
  <testcase name="getDeviceStatus" time="0.494" classname="com.rest.autotest.http.GetDeviceStatus">
    <error type="java.lang.NullPointerException">
      <![CDATA[java.lang.NullPointerException
	at com.rest.autotest.asserts.StatusResponseAsserts.statusResponseAsserts(StatusResponseAsserts.java:43)
	at com.rest.autotest.http.GetDeviceStatus.assertres(GetDeviceStatus.java:92)
	at com.rest.autotest.http.GetDeviceStatus.getDeviceStatus(GetDeviceStatus.java:61)
	at sun.reflect.GeneratedMethodAccessor155.invoke(Unknown Source)
	at sun.reflect.DelegatingMethodAccessorImpl.invoke(DelegatingMethodAccessorImpl.java:43)
	at java.lang.reflect.Method.invoke(Method.java:498)
	at org.testng.internal.MethodInvocationHelper.invokeMethod(MethodInvocationHelper.java:108)
	at org.testng.internal.Invoker.invokeMethod(Invoker.java:661)
	at org.testng.internal.Invoker.invokeTestMethod(Invoker.java:869)
	at org.testng.internal.TestMethodWithDataProviderMethodWorker.call(TestMethodWithDataProviderMethodWorker.java:75)
	at org.testng.internal.TestMethodWithDataProviderMethodWorker.call(TestMethodWithDataProviderMethodWorker.java:14)
	at java.util.concurrent.FutureTask.run(FutureTask.java:266)
	at java.util.concurrent.Executors$RunnableAdapter.call(Executors.java:511)
	at java.util.concurrent.FutureTask.run(FutureTask.java:266)
	at java.util.concurrent.ThreadPoolExecutor.runWorker(ThreadPoolExecutor.java:1149)
	at java.util.concurrent.ThreadPoolExecutor$Worker.run(ThreadPoolExecutor.java:624)
	at java.lang.Thread.run(Thread.java:748)
]]>
    </error>
  </testcase> <!-- getDeviceStatus -->
  <testcase name="getDeviceStatus" time="0.549" classname="com.rest.autotest.http.GetDeviceStatus"/>
  <testcase name="getDeviceStatus" time="0.558" classname="com.rest.autotest.http.GetDeviceStatus"/>
  <testcase name="getDeviceStatus" time="0.621" classname="com.rest.autotest.http.GetDeviceStatus"/>
  <testcase name="getDeviceStatus" time="0.519" classname="com.rest.autotest.http.GetDeviceStatus"/>
  <testcase name="getDeviceStatus" time="0.938" classname="com.rest.autotest.http.GetDeviceStatus"/>
  <testcase name="getDeviceStatus" time="0.652" classname="com.rest.autotest.http.GetDeviceStatus"/>
  <testcase name="getDeviceStatus" time="0.824" classname="com.rest.autotest.http.GetDeviceStatus"/>
  <testcase name="getDeviceStatus" time="0.477" classname="com.rest.autotest.http.GetDeviceStatus"/>
  <testcase name="getDeviceStatus" time="0.604" classname="com.rest.autotest.http.GetDeviceStatus"/>
  <testcase name="getDeviceStatus" time="0.561" classname="com.rest.autotest.http.GetDeviceStatus"/>
  <testcase name="getDeviceStatus" time="0.340" classname="com.rest.autotest.http.GetDeviceStatus">
    <error type="java.net.MalformedURLException" message="For input string: &quot;4432null&quot;">
      <![CDATA[java.net.MalformedURLException: For input string: "4432null"
	at java.net.URL.<init>(URL.java:627)
	at java.net.URL.<init>(URL.java:490)
	at java.net.URL.<init>(URL.java:439)
	at sun.reflect.GeneratedConstructorAccessor15.newInstance(Unknown Source)
	at sun.reflect.DelegatingConstructorAccessorImpl.newInstance(DelegatingConstructorAccessorImpl.java:45)
	at java.lang.reflect.Constructor.newInstance(Constructor.java:423)
	at org.codehaus.groovy.reflection.CachedConstructor.invoke(CachedConstructor.java:83)
	at org.codehaus.groovy.runtime.callsite.ConstructorSite$ConstructorSiteNoUnwrapNoCoerce.callConstructor(ConstructorSite.java:105)
	at org.codehaus.groovy.runtime.callsite.AbstractCallSite.callConstructor(AbstractCallSite.java:247)
	at io.restassured.internal.RequestSpecificationImpl.getTargetURI(RequestSpecificationImpl.groovy:1624)
	at sun.reflect.GeneratedMethodAccessor23.invoke(Unknown Source)
	at sun.reflect.DelegatingMethodAccessorImpl.invoke(DelegatingMethodAccessorImpl.java:43)
	at java.lang.reflect.Method.invoke(Method.java:498)
	at org.codehaus.groovy.reflection.CachedMethod.invoke(CachedMethod.java:93)
	at groovy.lang.MetaMethod.doMethodInvoke(MetaMethod.java:325)
	at groovy.lang.MetaClassImpl.invokeMethod(MetaClassImpl.java:1213)
	at groovy.lang.MetaClassImpl.invokeMethod(MetaClassImpl.java:1022)
	at groovy.lang.MetaClassImpl.invokeMethod(MetaClassImpl.java:810)
	at io.restassured.internal.RequestSpecificationImpl.invokeMethod(RequestSpecificationImpl.groovy)
	at org.codehaus.groovy.runtime.callsite.PogoInterceptableSite.call(PogoInterceptableSite.java:48)
	at org.codehaus.groovy.runtime.callsite.PogoInterceptableSite.callCurrent(PogoInterceptableSite.java:58)
	at org.codehaus.groovy.runtime.callsite.AbstractCallSite.callCurrent(AbstractCallSite.java:166)
	at io.restassured.internal.RequestSpecificationImpl.partiallyApplyPathParams(RequestSpecificationImpl.groovy:1760)
	at sun.reflect.GeneratedMethodAccessor26.invoke(Unknown Source)
	at sun.reflect.DelegatingMethodAccessorImpl.invoke(DelegatingMethodAccessorImpl.java:43)
	at java.lang.reflect.Method.invoke(Method.java:498)
	at org.codehaus.groovy.reflection.CachedMethod.invoke(CachedMethod.java:93)
	at groovy.lang.MetaMethod.doMethodInvoke(MetaMethod.java:325)
	at groovy.lang.MetaClassImpl.invokeMethod(MetaClassImpl.java:1213)
	at groovy.lang.MetaClassImpl.invokeMethod(MetaClassImpl.java:1022)
	at groovy.lang.MetaClassImpl.invokeMethod(MetaClassImpl.java:810)
	at io.restassured.internal.RequestSpecificationImpl.invokeMethod(RequestSpecificationImpl.groovy)
	at org.codehaus.groovy.runtime.callsite.PogoInterceptableSite.call(PogoInterceptableSite.java:48)
	at org.codehaus.groovy.runtime.callsite.PogoInterceptableSite.callCurrent(PogoInterceptableSite.java:58)
	at org.codehaus.groovy.runtime.callsite.AbstractCallSite.callCurrent(AbstractCallSite.java:182)
	at io.restassured.internal.RequestSpecificationImpl.newFilterContext(RequestSpecificationImpl.groovy:1153)
	at sun.reflect.GeneratedMethodAccessor34.invoke(Unknown Source)
	at sun.reflect.DelegatingMethodAccessorImpl.invoke(DelegatingMethodAccessorImpl.java:43)
	at java.lang.reflect.Method.invoke(Method.java:498)
	at org.codehaus.groovy.reflection.CachedMethod.invoke(CachedMethod.java:93)
	at groovy.lang.MetaMethod.doMethodInvoke(MetaMethod.java:325)
	at groovy.lang.MetaClassImpl.invokeMethod(MetaClassImpl.java:1213)
	at groovy.lang.MetaClassImpl.invokeMethod(MetaClassImpl.java:1022)
	at groovy.lang.MetaClassImpl.invokeMethod(MetaClassImpl.java:810)
	at io.restassured.internal.RequestSpecificationImpl.invokeMethod(RequestSpecificationImpl.groovy)
	at org.codehaus.groovy.runtime.callsite.PogoInterceptableSite.call(PogoInterceptableSite.java:48)
	at org.codehaus.groovy.runtime.callsite.PogoInterceptableSite.callCurrent(PogoInterceptableSite.java:58)
	at org.codehaus.groovy.runtime.callsite.AbstractCallSite.callCurrent(AbstractCallSite.java:182)
	at io.restassured.internal.RequestSpecificationImpl.applyPathParamsAndSendRequest(RequestSpecificationImpl.groovy:1730)
	at sun.reflect.GeneratedMethodAccessor59.invoke(Unknown Source)
	at sun.reflect.DelegatingMethodAccessorImpl.invoke(DelegatingMethodAccessorImpl.java:43)
	at java.lang.reflect.Method.invoke(Method.java:498)
	at org.codehaus.groovy.reflection.CachedMethod.invoke(CachedMethod.java:93)
	at groovy.lang.MetaMethod.doMethodInvoke(MetaMethod.java:325)
	at groovy.lang.MetaClassImpl.invokeMethod(MetaClassImpl.java:1213)
	at groovy.lang.MetaClassImpl.invokeMethod(MetaClassImpl.java:1022)
	at groovy.lang.MetaClassImpl.invokeMethod(MetaClassImpl.java:810)
	at io.restassured.internal.RequestSpecificationImpl.invokeMethod(RequestSpecificationImpl.groovy)
	at org.codehaus.groovy.runtime.callsite.PogoInterceptableSite.call(PogoInterceptableSite.java:48)
	at org.codehaus.groovy.runtime.callsite.PogoInterceptableSite.callCurrent(PogoInterceptableSite.java:58)
	at org.codehaus.groovy.runtime.callsite.AbstractCallSite.callCurrent(AbstractCallSite.java:182)
	at io.restassured.internal.RequestSpecificationImpl.applyPathParamsAndSendRequest(RequestSpecificationImpl.groovy:1738)
	at sun.reflect.GeneratedMethodAccessor58.invoke(Unknown Source)
	at sun.reflect.DelegatingMethodAccessorImpl.invoke(DelegatingMethodAccessorImpl.java:43)
	at java.lang.reflect.Method.invoke(Method.java:498)
	at org.codehaus.groovy.reflection.CachedMethod.invoke(CachedMethod.java:93)
	at groovy.lang.MetaMethod.doMethodInvoke(MetaMethod.java:325)
	at groovy.lang.MetaClassImpl.invokeMethod(MetaClassImpl.java:1213)
	at groovy.lang.MetaClassImpl.invokeMethod(MetaClassImpl.java:1022)
	at groovy.lang.MetaClassImpl.invokeMethod(MetaClassImpl.java:810)
	at io.restassured.internal.RequestSpecificationImpl.invokeMethod(RequestSpecificationImpl.groovy)
	at org.codehaus.groovy.runtime.callsite.PogoInterceptableSite.call(PogoInterceptableSite.java:48)
	at org.codehaus.groovy.runtime.callsite.PogoInterceptableSite.callCurrent(PogoInterceptableSite.java:58)
	at org.codehaus.groovy.runtime.callsite.AbstractCallSite.callCurrent(AbstractCallSite.java:182)
	at io.restassured.internal.RequestSpecificationImpl.get(RequestSpecificationImpl.groovy:170)
	at io.restassured.internal.RequestSpecificationImpl.get(RequestSpecificationImpl.groovy)
	at com.rest.autotest.http.GetDeviceList.getdevicelist(GetDeviceList.java:63)
	at com.rest.autotest.data.DataBuilder.statusdatabuilder(DataBuilder.java:90)
	at com.rest.autotest.asserts.StatusResponseAsserts.statusResponseAsserts(StatusResponseAsserts.java:28)
	at com.rest.autotest.http.GetDeviceStatus.assertres(GetDeviceStatus.java:92)
	at com.rest.autotest.http.GetDeviceStatus.getDeviceStatus(GetDeviceStatus.java:61)
	at sun.reflect.GeneratedMethodAccessor155.invoke(Unknown Source)
	at sun.reflect.DelegatingMethodAccessorImpl.invoke(DelegatingMethodAccessorImpl.java:43)
	at java.lang.reflect.Method.invoke(Method.java:498)
	at org.testng.internal.MethodInvocationHelper.invokeMethod(MethodInvocationHelper.java:108)
	at org.testng.internal.Invoker.invokeMethod(Invoker.java:661)
	at org.testng.internal.Invoker.invokeTestMethod(Invoker.java:869)
	at org.testng.internal.TestMethodWithDataProviderMethodWorker.call(TestMethodWithDataProviderMethodWorker.java:75)
	at org.testng.internal.TestMethodWithDataProviderMethodWorker.call(TestMethodWithDataProviderMethodWorker.java:14)
	at java.util.concurrent.FutureTask.run(FutureTask.java:266)
	at java.util.concurrent.Executors$RunnableAdapter.call(Executors.java:511)
	at java.util.concurrent.FutureTask.run(FutureTask.java:266)
	at java.util.concurrent.ThreadPoolExecutor.runWorker(ThreadPoolExecutor.java:1149)
	at java.util.concurrent.ThreadPoolExecutor$Worker.run(ThreadPoolExecutor.java:624)
	at java.lang.Thread.run(Thread.java:748)
Caused by: java.lang.NumberFormatException: For input string: "4432null"
	at java.lang.NumberFormatException.forInputString(NumberFormatException.java:65)
	at java.lang.Integer.parseInt(Integer.java:580)
	at java.lang.Integer.parseInt(Integer.java:615)
	at java.net.URLStreamHandler.parseURL(URLStreamHandler.java:222)
	at java.net.URL.<init>(URL.java:622)
	... 94 more
]]>
    </error>
  </testcase> <!-- getDeviceStatus -->
  <testcase name="getDeviceStatus" time="0.576" classname="com.rest.autotest.http.GetDeviceStatus"/>
  <testcase name="getDeviceStatus" time="0.576" classname="com.rest.autotest.http.GetDeviceStatus"/>
  <testcase name="getDeviceStatus" time="0.689" classname="com.rest.autotest.http.GetDeviceStatus"/>
  <testcase name="getDeviceStatus" time="0.568" classname="com.rest.autotest.http.GetDeviceStatus"/>
  <testcase name="getDeviceStatus" time="1.029" classname="com.rest.autotest.http.GetDeviceStatus"/>
  <testcase name="getDeviceStatus" time="0.406" classname="com.rest.autotest.http.GetDeviceStatus">
    <error type="com.alibaba.fastjson.JSONException" message="syntax error, pos 1, line 1, column 2Access is denied">
      <![CDATA[com.alibaba.fastjson.JSONException: syntax error, pos 1, line 1, column 2Access is denied
	at com.alibaba.fastjson.parser.DefaultJSONParser.parse(DefaultJSONParser.java:1460)
	at com.alibaba.fastjson.parser.DefaultJSONParser.parse(DefaultJSONParser.java:1346)
	at com.alibaba.fastjson.JSON.parse(JSON.java:156)
	at com.alibaba.fastjson.JSON.parse(JSON.java:166)
	at com.alibaba.fastjson.JSON.parse(JSON.java:135)
	at com.alibaba.fastjson.JSONObject.getJSONArray(JSONObject.java:145)
	at com.rest.autotest.http.GetCcuList.GetCcuId(GetCcuList.java:81)
	at com.rest.autotest.http.GetDeviceList.getccuid(GetDeviceList.java:37)
	at com.rest.autotest.http.GetDeviceList.getdevicelist(GetDeviceList.java:55)
	at com.rest.autotest.data.DataBuilder.statusdatabuilder(DataBuilder.java:90)
	at com.rest.autotest.asserts.StatusResponseAsserts.statusResponseAsserts(StatusResponseAsserts.java:28)
	at com.rest.autotest.http.GetDeviceStatus.assertres(GetDeviceStatus.java:92)
	at com.rest.autotest.http.GetDeviceStatus.getDeviceStatus(GetDeviceStatus.java:61)
	at sun.reflect.GeneratedMethodAccessor155.invoke(Unknown Source)
	at sun.reflect.DelegatingMethodAccessorImpl.invoke(DelegatingMethodAccessorImpl.java:43)
	at java.lang.reflect.Method.invoke(Method.java:498)
	at org.testng.internal.MethodInvocationHelper.invokeMethod(MethodInvocationHelper.java:108)
	at org.testng.internal.Invoker.invokeMethod(Invoker.java:661)
	at org.testng.internal.Invoker.invokeTestMethod(Invoker.java:869)
	at org.testng.internal.TestMethodWithDataProviderMethodWorker.call(TestMethodWithDataProviderMethodWorker.java:75)
	at org.testng.internal.TestMethodWithDataProviderMethodWorker.call(TestMethodWithDataProviderMethodWorker.java:14)
	at java.util.concurrent.FutureTask.run(FutureTask.java:266)
	at java.util.concurrent.Executors$RunnableAdapter.call(Executors.java:511)
	at java.util.concurrent.FutureTask.run(FutureTask.java:266)
	at java.util.concurrent.ThreadPoolExecutor.runWorker(ThreadPoolExecutor.java:1149)
	at java.util.concurrent.ThreadPoolExecutor$Worker.run(ThreadPoolExecutor.java:624)
	at java.lang.Thread.run(Thread.java:748)
]]>
    </error>
  </testcase> <!-- getDeviceStatus -->
  <testcase name="getDeviceStatus" time="0.548" classname="com.rest.autotest.http.GetDeviceStatus"/>
  <testcase name="getDeviceStatus" time="0.643" classname="com.rest.autotest.http.GetDeviceStatus"/>
  <testcase name="getDeviceStatus" time="1.171" classname="com.rest.autotest.http.GetDeviceStatus"/>
  <testcase name="getDeviceStatus" time="0.521" classname="com.rest.autotest.http.GetDeviceStatus"/>
  <testcase name="getDeviceStatus" time="0.477" classname="com.rest.autotest.http.GetDeviceStatus">
    <error type="java.lang.NumberFormatException" message="null">
      <![CDATA[java.lang.NumberFormatException: null
	at java.lang.Integer.parseInt(Integer.java:542)
	at java.lang.Integer.parseInt(Integer.java:615)
	at com.rest.autotest.common.envSet.setbaseurl(envSet.java:31)
	at com.rest.autotest.http.GetCcuList.geturl(GetCcuList.java:26)
	at com.rest.autotest.http.GetCcuList.GetCcuList(GetCcuList.java:59)
	at com.rest.autotest.http.GetDeviceList.getccuid(GetDeviceList.java:36)
	at com.rest.autotest.http.GetDeviceList.getdevicelist(GetDeviceList.java:55)
	at com.rest.autotest.data.DataBuilder.statusdatabuilder(DataBuilder.java:90)
	at com.rest.autotest.asserts.StatusResponseAsserts.statusResponseAsserts(StatusResponseAsserts.java:28)
	at com.rest.autotest.http.GetDeviceStatus.assertres(GetDeviceStatus.java:92)
	at com.rest.autotest.http.GetDeviceStatus.getDeviceStatus(GetDeviceStatus.java:61)
	at sun.reflect.GeneratedMethodAccessor155.invoke(Unknown Source)
	at sun.reflect.DelegatingMethodAccessorImpl.invoke(DelegatingMethodAccessorImpl.java:43)
	at java.lang.reflect.Method.invoke(Method.java:498)
	at org.testng.internal.MethodInvocationHelper.invokeMethod(MethodInvocationHelper.java:108)
	at org.testng.internal.Invoker.invokeMethod(Invoker.java:661)
	at org.testng.internal.Invoker.invokeTestMethod(Invoker.java:869)
	at org.testng.internal.TestMethodWithDataProviderMethodWorker.call(TestMethodWithDataProviderMethodWorker.java:75)
	at org.testng.internal.TestMethodWithDataProviderMethodWorker.call(TestMethodWithDataProviderMethodWorker.java:14)
	at java.util.concurrent.FutureTask.run(FutureTask.java:266)
	at java.util.concurrent.Executors$RunnableAdapter.call(Executors.java:511)
	at java.util.concurrent.FutureTask.run(FutureTask.java:266)
	at java.util.concurrent.ThreadPoolExecutor.runWorker(ThreadPoolExecutor.java:1149)
	at java.util.concurrent.ThreadPoolExecutor$Worker.run(ThreadPoolExecutor.java:624)
	at java.lang.Thread.run(Thread.java:748)
]]>
    </error>
  </testcase> <!-- getDeviceStatus -->
  <testcase name="getDeviceStatus" time="3.840" classname="com.rest.autotest.http.GetDeviceStatus"/>
  <testcase name="getDeviceStatus" time="0.678" classname="com.rest.autotest.http.GetDeviceStatus"/>
  <testcase name="getDeviceStatus" time="0.733" classname="com.rest.autotest.http.GetDeviceStatus"/>
  <testcase name="getDeviceStatus" time="0.553" classname="com.rest.autotest.http.GetDeviceStatus"/>
  <testcase name="getDeviceStatus" time="0.587" classname="com.rest.autotest.http.GetDeviceStatus"/>
  <testcase name="getDeviceStatus" time="0.534" classname="com.rest.autotest.http.GetDeviceStatus"/>
  <testcase name="getDeviceStatus" time="0.538" classname="com.rest.autotest.http.GetDeviceStatus"/>
  <testcase name="getDeviceStatus" time="0.483" classname="com.rest.autotest.http.GetDeviceStatus"/>
  <testcase name="getDeviceStatus" time="0.651" classname="com.rest.autotest.http.GetDeviceStatus">
    <error type="com.google.gson.JsonSyntaxException" message="java.lang.IllegalStateException: Expected BEGIN_ARRAY but was BEGIN_OBJECT at line 1 column 2 path $">
      <![CDATA[com.google.gson.JsonSyntaxException: java.lang.IllegalStateException: Expected BEGIN_ARRAY but was BEGIN_OBJECT at line 1 column 2 path $
	at com.google.gson.Gson.fromJson(Gson.java:939)
	at com.google.gson.Gson.fromJson(Gson.java:892)
	at com.google.gson.Gson.fromJson(Gson.java:841)
	at com.rest.autotest.utils.JsonUtil.fromJson(JsonUtil.java:18)
	at com.rest.autotest.data.DataBuilder.statusdatabuilder(DataBuilder.java:91)
	at com.rest.autotest.asserts.StatusResponseAsserts.statusResponseAsserts(StatusResponseAsserts.java:28)
	at com.rest.autotest.http.GetDeviceStatus.assertres(GetDeviceStatus.java:92)
	at com.rest.autotest.http.GetDeviceStatus.getDeviceStatus(GetDeviceStatus.java:61)
	at sun.reflect.GeneratedMethodAccessor155.invoke(Unknown Source)
	at sun.reflect.DelegatingMethodAccessorImpl.invoke(DelegatingMethodAccessorImpl.java:43)
	at java.lang.reflect.Method.invoke(Method.java:498)
	at org.testng.internal.MethodInvocationHelper.invokeMethod(MethodInvocationHelper.java:108)
	at org.testng.internal.Invoker.invokeMethod(Invoker.java:661)
	at org.testng.internal.Invoker.invokeTestMethod(Invoker.java:869)
	at org.testng.internal.TestMethodWithDataProviderMethodWorker.call(TestMethodWithDataProviderMethodWorker.java:75)
	at org.testng.internal.TestMethodWithDataProviderMethodWorker.call(TestMethodWithDataProviderMethodWorker.java:14)
	at java.util.concurrent.FutureTask.run(FutureTask.java:266)
	at java.util.concurrent.Executors$RunnableAdapter.call(Executors.java:511)
	at java.util.concurrent.FutureTask.run(FutureTask.java:266)
	at java.util.concurrent.ThreadPoolExecutor.runWorker(ThreadPoolExecutor.java:1149)
	at java.util.concurrent.ThreadPoolExecutor$Worker.run(ThreadPoolExecutor.java:624)
	at java.lang.Thread.run(Thread.java:748)
Caused by: java.lang.IllegalStateException: Expected BEGIN_ARRAY but was BEGIN_OBJECT at line 1 column 2 path $
	at com.google.gson.stream.JsonReader.beginArray(JsonReader.java:350)
	at com.google.gson.internal.bind.CollectionTypeAdapterFactory$Adapter.read(CollectionTypeAdapterFactory.java:80)
	at com.google.gson.internal.bind.CollectionTypeAdapterFactory$Adapter.read(CollectionTypeAdapterFactory.java:61)
	at com.google.gson.Gson.fromJson(Gson.java:927)
	... 21 more
]]>
    </error>
  </testcase> <!-- getDeviceStatus -->
  <testcase name="getDeviceStatus" time="0.526" classname="com.rest.autotest.http.GetDeviceStatus"/>
  <testcase name="getDeviceStatus" time="0.508" classname="com.rest.autotest.http.GetDeviceStatus"/>
  <testcase name="getDeviceStatus" time="0.704" classname="com.rest.autotest.http.GetDeviceStatus"/>
  <testcase name="getDeviceStatus" time="1.091" classname="com.rest.autotest.http.GetDeviceStatus"/>
  <testcase name="getDeviceStatus" time="0.567" classname="com.rest.autotest.http.GetDeviceStatus"/>
  <testcase name="getDeviceStatus" time="0.500" classname="com.rest.autotest.http.GetDeviceStatus"/>
  <testcase name="getDeviceStatus" time="0.493" classname="com.rest.autotest.http.GetDeviceStatus"/>
  <testcase name="getDeviceStatus" time="0.520" classname="com.rest.autotest.http.GetDeviceStatus"/>
  <testcase name="getDeviceStatus" time="0.722" classname="com.rest.autotest.http.GetDeviceStatus"/>
  <testcase name="getDeviceStatus" time="0.560" classname="com.rest.autotest.http.GetDeviceStatus"/>
  <testcase name="getDeviceStatus" time="0.807" classname="com.rest.autotest.http.GetDeviceStatus"/>
  <testcase name="getDeviceStatus" time="0.548" classname="com.rest.autotest.http.GetDeviceStatus"/>
  <testcase name="getDeviceStatus" time="1.172" classname="com.rest.autotest.http.GetDeviceStatus"/>
  <testcase name="getDeviceStatus" time="0.531" classname="com.rest.autotest.http.GetDeviceStatus"/>
  <testcase name="getDeviceStatus" time="0.952" classname="com.rest.autotest.http.GetDeviceStatus"/>
  <testcase name="getDeviceStatus" time="0.511" classname="com.rest.autotest.http.GetDeviceStatus"/>
  <testcase name="getDeviceStatus" time="0.752" classname="com.rest.autotest.http.GetDeviceStatus"/>
  <testcase name="getDeviceStatus" time="0.684" classname="com.rest.autotest.http.GetDeviceStatus"/>
  <testcase name="getDeviceStatus" time="0.019" classname="com.rest.autotest.http.GetDeviceStatus">
    <error type="com.alibaba.fastjson.JSONException" message="syntax error, pos 1, line 1, column 2&lt;html&gt;
&lt;head&gt;
&lt;meta http-equiv=&quot;Content-Type&quot; content=&quot;text/html;charset=utf-8&quot;/&gt;
&lt;title&gt;Error 403 No valid crumb was included in the request&lt;/title&gt;
&lt;/head&gt;
&lt;body&gt;&lt;h2&gt;HTTP ERROR 403&lt;/h2&gt;
&lt;p&gt;Problem accessing /null%3A4432/1.0/app/cculist. Reason:
&lt;pre&gt;    No valid crumb was included in the request&lt;/pre&gt;&lt;/p&gt;&lt;hr&gt;&lt;a href=&quot;http://eclipse.org/jetty&quot;&gt;Powered by Jetty:// 9.4.z-SNAPSHOT&lt;/a&gt;&lt;hr/&gt;

&lt;/body&gt;
&lt;/html&gt;
">
      <![CDATA[com.alibaba.fastjson.JSONException: syntax error, pos 1, line 1, column 2<html>
<head>
<meta http-equiv="Content-Type" content="text/html;charset=utf-8"/>
<title>Error 403 No valid crumb was included in the request</title>
</head>
<body><h2>HTTP ERROR 403</h2>
<p>Problem accessing /null%3A4432/1.0/app/cculist. Reason:
<pre>    No valid crumb was included in the request</pre></p><hr><a href="http://eclipse.org/jetty">Powered by Jetty:// 9.4.z-SNAPSHOT</a><hr/>

</body>
</html>

	at com.alibaba.fastjson.parser.DefaultJSONParser.parse(DefaultJSONParser.java:1460)
	at com.alibaba.fastjson.parser.DefaultJSONParser.parse(DefaultJSONParser.java:1346)
	at com.alibaba.fastjson.JSON.parse(JSON.java:156)
	at com.alibaba.fastjson.JSON.parse(JSON.java:166)
	at com.alibaba.fastjson.JSON.parse(JSON.java:135)
	at com.alibaba.fastjson.JSON.parseObject(JSON.java:227)
	at com.rest.autotest.http.GetCcuList.GetCcuId(GetCcuList.java:80)
	at com.rest.autotest.http.GetDeviceStatus.getccuid(GetDeviceStatus.java:46)
	at com.rest.autotest.http.GetDeviceStatus.seturl(GetDeviceStatus.java:66)
	at com.rest.autotest.http.GetDeviceStatus.getDeviceStatus(GetDeviceStatus.java:58)
	at sun.reflect.GeneratedMethodAccessor155.invoke(Unknown Source)
	at sun.reflect.DelegatingMethodAccessorImpl.invoke(DelegatingMethodAccessorImpl.java:43)
	at java.lang.reflect.Method.invoke(Method.java:498)
	at org.testng.internal.MethodInvocationHelper.invokeMethod(MethodInvocationHelper.java:108)
	at org.testng.internal.Invoker.invokeMethod(Invoker.java:661)
	at org.testng.internal.Invoker.invokeTestMethod(Invoker.java:869)
	at org.testng.internal.TestMethodWithDataProviderMethodWorker.call(TestMethodWithDataProviderMethodWorker.java:75)
	at org.testng.internal.TestMethodWithDataProviderMethodWorker.call(TestMethodWithDataProviderMethodWorker.java:14)
	at java.util.concurrent.FutureTask.run(FutureTask.java:266)
	at java.util.concurrent.Executors$RunnableAdapter.call(Executors.java:511)
	at java.util.concurrent.FutureTask.run(FutureTask.java:266)
	at java.util.concurrent.ThreadPoolExecutor.runWorker(ThreadPoolExecutor.java:1149)
	at java.util.concurrent.ThreadPoolExecutor$Worker.run(ThreadPoolExecutor.java:624)
	at java.lang.Thread.run(Thread.java:748)
]]>
    </error>
  </testcase> <!-- getDeviceStatus -->
  <testcase name="getDeviceStatus" time="3.816" classname="com.rest.autotest.http.GetDeviceStatus"/>
  <testcase name="getDeviceStatus" time="0.620" classname="com.rest.autotest.http.GetDeviceStatus"/>
  <testcase name="getDeviceStatus" time="0.550" classname="com.rest.autotest.http.GetDeviceStatus"/>
  <testcase name="getDeviceStatus" time="0.570" classname="com.rest.autotest.http.GetDeviceStatus"/>
  <testcase name="getDeviceStatus" time="0.580" classname="com.rest.autotest.http.GetDeviceStatus"/>
  <testcase name="getDeviceStatus" time="0.599" classname="com.rest.autotest.http.GetDeviceStatus"/>
  <testcase name="getDeviceStatus" time="1.046" classname="com.rest.autotest.http.GetDeviceStatus"/>
  <testcase name="getDeviceStatus" time="0.546" classname="com.rest.autotest.http.GetDeviceStatus"/>
  <testcase name="getDeviceStatus" time="0.801" classname="com.rest.autotest.http.GetDeviceStatus"/>
  <testcase name="getDeviceStatus" time="0.782" classname="com.rest.autotest.http.GetDeviceStatus"/>
  <testcase name="getDeviceStatus" time="0.009" classname="com.rest.autotest.http.GetDeviceStatus">
    <error type="com.alibaba.fastjson.JSONException" message="syntax error, pos 1, line 1, column 2&lt;html&gt;
&lt;head&gt;
&lt;meta http-equiv=&quot;Content-Type&quot; content=&quot;text/html;charset=utf-8&quot;/&gt;
&lt;title&gt;Error 403 No valid crumb was included in the request&lt;/title&gt;
&lt;/head&gt;
&lt;body&gt;&lt;h2&gt;HTTP ERROR 403&lt;/h2&gt;
&lt;p&gt;Problem accessing /null%3A4432/1.0/app/cculist. Reason:
&lt;pre&gt;    No valid crumb was included in the request&lt;/pre&gt;&lt;/p&gt;&lt;hr&gt;&lt;a href=&quot;http://eclipse.org/jetty&quot;&gt;Powered by Jetty:// 9.4.z-SNAPSHOT&lt;/a&gt;&lt;hr/&gt;

&lt;/body&gt;
&lt;/html&gt;
">
      <![CDATA[com.alibaba.fastjson.JSONException: syntax error, pos 1, line 1, column 2<html>
<head>
<meta http-equiv="Content-Type" content="text/html;charset=utf-8"/>
<title>Error 403 No valid crumb was included in the request</title>
</head>
<body><h2>HTTP ERROR 403</h2>
<p>Problem accessing /null%3A4432/1.0/app/cculist. Reason:
<pre>    No valid crumb was included in the request</pre></p><hr><a href="http://eclipse.org/jetty">Powered by Jetty:// 9.4.z-SNAPSHOT</a><hr/>

</body>
</html>

	at com.alibaba.fastjson.parser.DefaultJSONParser.parse(DefaultJSONParser.java:1460)
	at com.alibaba.fastjson.parser.DefaultJSONParser.parse(DefaultJSONParser.java:1346)
	at com.alibaba.fastjson.JSON.parse(JSON.java:156)
	at com.alibaba.fastjson.JSON.parse(JSON.java:166)
	at com.alibaba.fastjson.JSON.parse(JSON.java:135)
	at com.alibaba.fastjson.JSON.parseObject(JSON.java:227)
	at com.rest.autotest.http.GetCcuList.GetCcuId(GetCcuList.java:80)
	at com.rest.autotest.http.GetDeviceStatus.getccuid(GetDeviceStatus.java:46)
	at com.rest.autotest.http.GetDeviceStatus.seturl(GetDeviceStatus.java:66)
	at com.rest.autotest.http.GetDeviceStatus.getDeviceStatus(GetDeviceStatus.java:58)
	at sun.reflect.GeneratedMethodAccessor155.invoke(Unknown Source)
	at sun.reflect.DelegatingMethodAccessorImpl.invoke(DelegatingMethodAccessorImpl.java:43)
	at java.lang.reflect.Method.invoke(Method.java:498)
	at org.testng.internal.MethodInvocationHelper.invokeMethod(MethodInvocationHelper.java:108)
	at org.testng.internal.Invoker.invokeMethod(Invoker.java:661)
	at org.testng.internal.Invoker.invokeTestMethod(Invoker.java:869)
	at org.testng.internal.TestMethodWithDataProviderMethodWorker.call(TestMethodWithDataProviderMethodWorker.java:75)
	at org.testng.internal.TestMethodWithDataProviderMethodWorker.call(TestMethodWithDataProviderMethodWorker.java:14)
	at java.util.concurrent.FutureTask.run(FutureTask.java:266)
	at java.util.concurrent.Executors$RunnableAdapter.call(Executors.java:511)
	at java.util.concurrent.FutureTask.run(FutureTask.java:266)
	at java.util.concurrent.ThreadPoolExecutor.runWorker(ThreadPoolExecutor.java:1149)
	at java.util.concurrent.ThreadPoolExecutor$Worker.run(ThreadPoolExecutor.java:624)
	at java.lang.Thread.run(Thread.java:748)
]]>
    </error>
  </testcase> <!-- getDeviceStatus -->
  <testcase name="getDeviceStatus" time="0.221" classname="com.rest.autotest.http.GetDeviceStatus">
    <error type="java.lang.NumberFormatException" message="null">
      <![CDATA[java.lang.NumberFormatException: null
	at java.lang.Integer.parseInt(Integer.java:542)
	at java.lang.Integer.parseInt(Integer.java:615)
	at com.rest.autotest.common.envSet.setbaseurl(envSet.java:31)
	at com.rest.autotest.http.GetCcuList.geturl(GetCcuList.java:26)
	at com.rest.autotest.http.GetCcuList.GetCcuList(GetCcuList.java:59)
	at com.rest.autotest.http.GetDeviceList.getccuid(GetDeviceList.java:36)
	at com.rest.autotest.http.GetDeviceList.getdevicelist(GetDeviceList.java:55)
	at com.rest.autotest.data.DataBuilder.statusdatabuilder(DataBuilder.java:90)
	at com.rest.autotest.asserts.StatusResponseAsserts.statusResponseAsserts(StatusResponseAsserts.java:28)
	at com.rest.autotest.http.GetDeviceStatus.assertres(GetDeviceStatus.java:92)
	at com.rest.autotest.http.GetDeviceStatus.getDeviceStatus(GetDeviceStatus.java:61)
	at sun.reflect.GeneratedMethodAccessor155.invoke(Unknown Source)
	at sun.reflect.DelegatingMethodAccessorImpl.invoke(DelegatingMethodAccessorImpl.java:43)
	at java.lang.reflect.Method.invoke(Method.java:498)
	at org.testng.internal.MethodInvocationHelper.invokeMethod(MethodInvocationHelper.java:108)
	at org.testng.internal.Invoker.invokeMethod(Invoker.java:661)
	at org.testng.internal.Invoker.invokeTestMethod(Invoker.java:869)
	at org.testng.internal.TestMethodWithDataProviderMethodWorker.call(TestMethodWithDataProviderMethodWorker.java:75)
	at org.testng.internal.TestMethodWithDataProviderMethodWorker.call(TestMethodWithDataProviderMethodWorker.java:14)
	at java.util.concurrent.FutureTask.run(FutureTask.java:266)
	at java.util.concurrent.Executors$RunnableAdapter.call(Executors.java:511)
	at java.util.concurrent.FutureTask.run(FutureTask.java:266)
	at java.util.concurrent.ThreadPoolExecutor.runWorker(ThreadPoolExecutor.java:1149)
	at java.util.concurrent.ThreadPoolExecutor$Worker.run(ThreadPoolExecutor.java:624)
	at java.lang.Thread.run(Thread.java:748)
]]>
    </error>
  </testcase> <!-- getDeviceStatus -->
  <testcase name="getDeviceStatus" time="0.609" classname="com.rest.autotest.http.GetDeviceStatus"/>
  <testcase name="getDeviceStatus" time="0.295" classname="com.rest.autotest.http.GetDeviceStatus">
    <error type="com.alibaba.fastjson.JSONException" message="syntax error, pos 1, line 1, column 2&lt;html&gt;
&lt;head&gt;
&lt;meta http-equiv=&quot;Content-Type&quot; content=&quot;text/html;charset=utf-8&quot;/&gt;
&lt;title&gt;Error 403 No valid crumb was included in the request&lt;/title&gt;
&lt;/head&gt;
&lt;body&gt;&lt;h2&gt;HTTP ERROR 403&lt;/h2&gt;
&lt;p&gt;Problem accessing /null%3A4432/1.0/app/cculist. Reason:
&lt;pre&gt;    No valid crumb was included in the request&lt;/pre&gt;&lt;/p&gt;&lt;hr&gt;&lt;a href=&quot;http://eclipse.org/jetty&quot;&gt;Powered by Jetty:// 9.4.z-SNAPSHOT&lt;/a&gt;&lt;hr/&gt;

&lt;/body&gt;
&lt;/html&gt;
">
      <![CDATA[com.alibaba.fastjson.JSONException: syntax error, pos 1, line 1, column 2<html>
<head>
<meta http-equiv="Content-Type" content="text/html;charset=utf-8"/>
<title>Error 403 No valid crumb was included in the request</title>
</head>
<body><h2>HTTP ERROR 403</h2>
<p>Problem accessing /null%3A4432/1.0/app/cculist. Reason:
<pre>    No valid crumb was included in the request</pre></p><hr><a href="http://eclipse.org/jetty">Powered by Jetty:// 9.4.z-SNAPSHOT</a><hr/>

</body>
</html>

	at com.alibaba.fastjson.parser.DefaultJSONParser.parse(DefaultJSONParser.java:1460)
	at com.alibaba.fastjson.parser.DefaultJSONParser.parse(DefaultJSONParser.java:1346)
	at com.alibaba.fastjson.JSON.parse(JSON.java:156)
	at com.alibaba.fastjson.JSON.parse(JSON.java:166)
	at com.alibaba.fastjson.JSON.parse(JSON.java:135)
	at com.alibaba.fastjson.JSON.parseObject(JSON.java:227)
	at com.rest.autotest.http.GetCcuList.GetCcuId(GetCcuList.java:80)
	at com.rest.autotest.http.GetDeviceStatus.getccuid(GetDeviceStatus.java:46)
	at com.rest.autotest.http.GetDeviceStatus.seturl(GetDeviceStatus.java:66)
	at com.rest.autotest.http.GetDeviceStatus.getDeviceStatus(GetDeviceStatus.java:58)
	at sun.reflect.NativeMethodAccessorImpl.invoke0(Native Method)
	at sun.reflect.NativeMethodAccessorImpl.invoke(NativeMethodAccessorImpl.java:62)
	at sun.reflect.DelegatingMethodAccessorImpl.invoke(DelegatingMethodAccessorImpl.java:43)
	at java.lang.reflect.Method.invoke(Method.java:498)
	at org.testng.internal.MethodInvocationHelper.invokeMethod(MethodInvocationHelper.java:108)
	at org.testng.internal.Invoker.invokeMethod(Invoker.java:661)
	at org.testng.internal.Invoker.invokeTestMethod(Invoker.java:869)
	at org.testng.internal.TestMethodWithDataProviderMethodWorker.call(TestMethodWithDataProviderMethodWorker.java:75)
	at org.testng.internal.TestMethodWithDataProviderMethodWorker.call(TestMethodWithDataProviderMethodWorker.java:14)
	at java.util.concurrent.FutureTask.run(FutureTask.java:266)
	at java.util.concurrent.Executors$RunnableAdapter.call(Executors.java:511)
	at java.util.concurrent.FutureTask.run(FutureTask.java:266)
	at java.util.concurrent.ThreadPoolExecutor.runWorker(ThreadPoolExecutor.java:1149)
	at java.util.concurrent.ThreadPoolExecutor$Worker.run(ThreadPoolExecutor.java:624)
	at java.lang.Thread.run(Thread.java:748)
]]>
    </error>
  </testcase> <!-- getDeviceStatus -->
  <testcase name="getDeviceStatus" time="0.489" classname="com.rest.autotest.http.GetDeviceStatus"/>
  <testcase name="getDeviceStatus" time="0.537" classname="com.rest.autotest.http.GetDeviceStatus"/>
  <testcase name="getDeviceStatus" time="0.716" classname="com.rest.autotest.http.GetDeviceStatus"/>
  <testcase name="getDeviceStatus" time="0.625" classname="com.rest.autotest.http.GetDeviceStatus"/>
  <testcase name="getDeviceStatus" time="0.568" classname="com.rest.autotest.http.GetDeviceStatus"/>
  <testcase name="getDeviceStatus" time="0.994" classname="com.rest.autotest.http.GetDeviceStatus"/>
  <testcase name="getDeviceStatus" time="0.541" classname="com.rest.autotest.http.GetDeviceStatus"/>
  <testcase name="getDeviceStatus" time="0.579" classname="com.rest.autotest.http.GetDeviceStatus"/>
  <testcase name="getDeviceStatus" time="0.451" classname="com.rest.autotest.http.GetDeviceStatus">
    <error type="java.lang.NumberFormatException" message="null">
      <![CDATA[java.lang.NumberFormatException: null
	at java.lang.Integer.parseInt(Integer.java:542)
	at java.lang.Integer.parseInt(Integer.java:615)
	at com.rest.autotest.common.envSet.setbaseurl(envSet.java:31)
	at com.rest.autotest.http.GetDeviceList.geturl(GetDeviceList.java:26)
	at com.rest.autotest.http.GetDeviceList.getdevicelist(GetDeviceList.java:56)
	at com.rest.autotest.data.DataBuilder.statusdatabuilder(DataBuilder.java:90)
	at com.rest.autotest.asserts.StatusResponseAsserts.statusResponseAsserts(StatusResponseAsserts.java:28)
	at com.rest.autotest.http.GetDeviceStatus.assertres(GetDeviceStatus.java:92)
	at com.rest.autotest.http.GetDeviceStatus.getDeviceStatus(GetDeviceStatus.java:61)
	at sun.reflect.GeneratedMethodAccessor155.invoke(Unknown Source)
	at sun.reflect.DelegatingMethodAccessorImpl.invoke(DelegatingMethodAccessorImpl.java:43)
	at java.lang.reflect.Method.invoke(Method.java:498)
	at org.testng.internal.MethodInvocationHelper.invokeMethod(MethodInvocationHelper.java:108)
	at org.testng.internal.Invoker.invokeMethod(Invoker.java:661)
	at org.testng.internal.Invoker.invokeTestMethod(Invoker.java:869)
	at org.testng.internal.TestMethodWithDataProviderMethodWorker.call(TestMethodWithDataProviderMethodWorker.java:75)
	at org.testng.internal.TestMethodWithDataProviderMethodWorker.call(TestMethodWithDataProviderMethodWorker.java:14)
	at java.util.concurrent.FutureTask.run(FutureTask.java:266)
	at java.util.concurrent.Executors$RunnableAdapter.call(Executors.java:511)
	at java.util.concurrent.FutureTask.run(FutureTask.java:266)
	at java.util.concurrent.ThreadPoolExecutor.runWorker(ThreadPoolExecutor.java:1149)
	at java.util.concurrent.ThreadPoolExecutor$Worker.run(ThreadPoolExecutor.java:624)
	at java.lang.Thread.run(Thread.java:748)
]]>
    </error>
  </testcase> <!-- getDeviceStatus -->
  <testcase name="getDeviceStatus" time="0.508" classname="com.rest.autotest.http.GetDeviceStatus"/>
  <testcase name="getDeviceStatus" time="0.492" classname="com.rest.autotest.http.GetDeviceStatus"/>
  <testcase name="getDeviceStatus" time="0.813" classname="com.rest.autotest.http.GetDeviceStatus"/>
  <testcase name="getDeviceStatus" time="0.784" classname="com.rest.autotest.http.GetDeviceStatus"/>
  <testcase name="getDeviceStatus" time="0.157" classname="com.rest.autotest.http.GetDeviceStatus">
    <error type="java.net.MalformedURLException" message="For input string: &quot;4432null&quot;">
      <![CDATA[java.net.MalformedURLException: For input string: "4432null"
	at java.net.URL.<init>(URL.java:627)
	at java.net.URL.<init>(URL.java:490)
	at java.net.URL.<init>(URL.java:439)
	at sun.reflect.GeneratedConstructorAccessor15.newInstance(Unknown Source)
	at sun.reflect.DelegatingConstructorAccessorImpl.newInstance(DelegatingConstructorAccessorImpl.java:45)
	at java.lang.reflect.Constructor.newInstance(Constructor.java:423)
	at org.codehaus.groovy.reflection.CachedConstructor.invoke(CachedConstructor.java:83)
	at org.codehaus.groovy.runtime.callsite.ConstructorSite$ConstructorSiteNoUnwrapNoCoerce.callConstructor(ConstructorSite.java:105)
	at org.codehaus.groovy.runtime.callsite.AbstractCallSite.callConstructor(AbstractCallSite.java:247)
	at io.restassured.internal.RequestSpecificationImpl.getTargetURI(RequestSpecificationImpl.groovy:1624)
	at sun.reflect.GeneratedMethodAccessor23.invoke(Unknown Source)
	at sun.reflect.DelegatingMethodAccessorImpl.invoke(DelegatingMethodAccessorImpl.java:43)
	at java.lang.reflect.Method.invoke(Method.java:498)
	at org.codehaus.groovy.reflection.CachedMethod.invoke(CachedMethod.java:93)
	at groovy.lang.MetaMethod.doMethodInvoke(MetaMethod.java:325)
	at groovy.lang.MetaClassImpl.invokeMethod(MetaClassImpl.java:1213)
	at groovy.lang.MetaClassImpl.invokeMethod(MetaClassImpl.java:1022)
	at groovy.lang.MetaClassImpl.invokeMethod(MetaClassImpl.java:810)
	at io.restassured.internal.RequestSpecificationImpl.invokeMethod(RequestSpecificationImpl.groovy)
	at org.codehaus.groovy.runtime.callsite.PogoInterceptableSite.call(PogoInterceptableSite.java:48)
	at org.codehaus.groovy.runtime.callsite.PogoInterceptableSite.callCurrent(PogoInterceptableSite.java:58)
	at org.codehaus.groovy.runtime.callsite.AbstractCallSite.callCurrent(AbstractCallSite.java:166)
	at io.restassured.internal.RequestSpecificationImpl.partiallyApplyPathParams(RequestSpecificationImpl.groovy:1760)
	at sun.reflect.GeneratedMethodAccessor26.invoke(Unknown Source)
	at sun.reflect.DelegatingMethodAccessorImpl.invoke(DelegatingMethodAccessorImpl.java:43)
	at java.lang.reflect.Method.invoke(Method.java:498)
	at org.codehaus.groovy.reflection.CachedMethod.invoke(CachedMethod.java:93)
	at groovy.lang.MetaMethod.doMethodInvoke(MetaMethod.java:325)
	at groovy.lang.MetaClassImpl.invokeMethod(MetaClassImpl.java:1213)
	at groovy.lang.MetaClassImpl.invokeMethod(MetaClassImpl.java:1022)
	at groovy.lang.MetaClassImpl.invokeMethod(MetaClassImpl.java:810)
	at io.restassured.internal.RequestSpecificationImpl.invokeMethod(RequestSpecificationImpl.groovy)
	at org.codehaus.groovy.runtime.callsite.PogoInterceptableSite.call(PogoInterceptableSite.java:48)
	at org.codehaus.groovy.runtime.callsite.PogoInterceptableSite.callCurrent(PogoInterceptableSite.java:58)
	at org.codehaus.groovy.runtime.callsite.AbstractCallSite.callCurrent(AbstractCallSite.java:182)
	at io.restassured.internal.RequestSpecificationImpl.newFilterContext(RequestSpecificationImpl.groovy:1153)
	at sun.reflect.GeneratedMethodAccessor34.invoke(Unknown Source)
	at sun.reflect.DelegatingMethodAccessorImpl.invoke(DelegatingMethodAccessorImpl.java:43)
	at java.lang.reflect.Method.invoke(Method.java:498)
	at org.codehaus.groovy.reflection.CachedMethod.invoke(CachedMethod.java:93)
	at groovy.lang.MetaMethod.doMethodInvoke(MetaMethod.java:325)
	at groovy.lang.MetaClassImpl.invokeMethod(MetaClassImpl.java:1213)
	at groovy.lang.MetaClassImpl.invokeMethod(MetaClassImpl.java:1022)
	at groovy.lang.MetaClassImpl.invokeMethod(MetaClassImpl.java:810)
	at io.restassured.internal.RequestSpecificationImpl.invokeMethod(RequestSpecificationImpl.groovy)
	at org.codehaus.groovy.runtime.callsite.PogoInterceptableSite.call(PogoInterceptableSite.java:48)
	at org.codehaus.groovy.runtime.callsite.PogoInterceptableSite.callCurrent(PogoInterceptableSite.java:58)
	at org.codehaus.groovy.runtime.callsite.AbstractCallSite.callCurrent(AbstractCallSite.java:182)
	at io.restassured.internal.RequestSpecificationImpl.applyPathParamsAndSendRequest(RequestSpecificationImpl.groovy:1730)
	at sun.reflect.NativeMethodAccessorImpl.invoke0(Native Method)
	at sun.reflect.NativeMethodAccessorImpl.invoke(NativeMethodAccessorImpl.java:62)
	at sun.reflect.DelegatingMethodAccessorImpl.invoke(DelegatingMethodAccessorImpl.java:43)
	at java.lang.reflect.Method.invoke(Method.java:498)
	at org.codehaus.groovy.reflection.CachedMethod.invoke(CachedMethod.java:93)
	at groovy.lang.MetaMethod.doMethodInvoke(MetaMethod.java:325)
	at groovy.lang.MetaClassImpl.invokeMethod(MetaClassImpl.java:1213)
	at groovy.lang.MetaClassImpl.invokeMethod(MetaClassImpl.java:1022)
	at groovy.lang.MetaClassImpl.invokeMethod(MetaClassImpl.java:810)
	at io.restassured.internal.RequestSpecificationImpl.invokeMethod(RequestSpecificationImpl.groovy)
	at org.codehaus.groovy.runtime.callsite.PogoInterceptableSite.call(PogoInterceptableSite.java:48)
	at org.codehaus.groovy.runtime.callsite.PogoInterceptableSite.callCurrent(PogoInterceptableSite.java:58)
	at org.codehaus.groovy.runtime.callsite.AbstractCallSite.callCurrent(AbstractCallSite.java:182)
	at io.restassured.internal.RequestSpecificationImpl.applyPathParamsAndSendRequest(RequestSpecificationImpl.groovy:1738)
	at sun.reflect.NativeMethodAccessorImpl.invoke0(Native Method)
	at sun.reflect.NativeMethodAccessorImpl.invoke(NativeMethodAccessorImpl.java:62)
	at sun.reflect.DelegatingMethodAccessorImpl.invoke(DelegatingMethodAccessorImpl.java:43)
	at java.lang.reflect.Method.invoke(Method.java:498)
	at org.codehaus.groovy.reflection.CachedMethod.invoke(CachedMethod.java:93)
	at groovy.lang.MetaMethod.doMethodInvoke(MetaMethod.java:325)
	at groovy.lang.MetaClassImpl.invokeMethod(MetaClassImpl.java:1213)
	at groovy.lang.MetaClassImpl.invokeMethod(MetaClassImpl.java:1022)
	at groovy.lang.MetaClassImpl.invokeMethod(MetaClassImpl.java:810)
	at io.restassured.internal.RequestSpecificationImpl.invokeMethod(RequestSpecificationImpl.groovy)
	at org.codehaus.groovy.runtime.callsite.PogoInterceptableSite.call(PogoInterceptableSite.java:48)
	at org.codehaus.groovy.runtime.callsite.PogoInterceptableSite.callCurrent(PogoInterceptableSite.java:58)
	at org.codehaus.groovy.runtime.callsite.AbstractCallSite.callCurrent(AbstractCallSite.java:182)
	at io.restassured.internal.RequestSpecificationImpl.post(RequestSpecificationImpl.groovy:174)
	at io.restassured.internal.RequestSpecificationImpl.post(RequestSpecificationImpl.groovy)
	at com.rest.autotest.http.GetCcuList.GetCcuList(GetCcuList.java:68)
	at com.rest.autotest.http.GetDeviceStatus.getccuid(GetDeviceStatus.java:45)
	at com.rest.autotest.http.GetDeviceStatus.seturl(GetDeviceStatus.java:66)
	at com.rest.autotest.http.GetDeviceStatus.getDeviceStatus(GetDeviceStatus.java:58)
	at sun.reflect.NativeMethodAccessorImpl.invoke0(Native Method)
	at sun.reflect.NativeMethodAccessorImpl.invoke(NativeMethodAccessorImpl.java:62)
	at sun.reflect.DelegatingMethodAccessorImpl.invoke(DelegatingMethodAccessorImpl.java:43)
	at java.lang.reflect.Method.invoke(Method.java:498)
	at org.testng.internal.MethodInvocationHelper.invokeMethod(MethodInvocationHelper.java:108)
	at org.testng.internal.Invoker.invokeMethod(Invoker.java:661)
	at org.testng.internal.Invoker.invokeTestMethod(Invoker.java:869)
	at org.testng.internal.TestMethodWithDataProviderMethodWorker.call(TestMethodWithDataProviderMethodWorker.java:75)
	at org.testng.internal.TestMethodWithDataProviderMethodWorker.call(TestMethodWithDataProviderMethodWorker.java:14)
	at java.util.concurrent.FutureTask.run(FutureTask.java:266)
	at java.util.concurrent.Executors$RunnableAdapter.call(Executors.java:511)
	at java.util.concurrent.FutureTask.run(FutureTask.java:266)
	at java.util.concurrent.ThreadPoolExecutor.runWorker(ThreadPoolExecutor.java:1149)
	at java.util.concurrent.ThreadPoolExecutor$Worker.run(ThreadPoolExecutor.java:624)
	at java.lang.Thread.run(Thread.java:748)
Caused by: java.lang.NumberFormatException: For input string: "4432null"
	at java.lang.NumberFormatException.forInputString(NumberFormatException.java:65)
	at java.lang.Integer.parseInt(Integer.java:580)
	at java.lang.Integer.parseInt(Integer.java:615)
	at java.net.URLStreamHandler.parseURL(URLStreamHandler.java:222)
	at java.net.URL.<init>(URL.java:622)
	... 96 more
]]>
    </error>
  </testcase> <!-- getDeviceStatus -->
  <testcase name="getDeviceStatus" time="0.413" classname="com.rest.autotest.http.GetDeviceStatus">
    <error type="java.lang.NumberFormatException" message="null">
      <![CDATA[java.lang.NumberFormatException: null
	at java.lang.Integer.parseInt(Integer.java:542)
	at java.lang.Integer.parseInt(Integer.java:615)
	at com.rest.autotest.common.envSet.setbaseurl(envSet.java:31)
	at com.rest.autotest.http.GetDeviceList.geturl(GetDeviceList.java:26)
	at com.rest.autotest.http.GetDeviceList.getdevicelist(GetDeviceList.java:56)
	at com.rest.autotest.data.DataBuilder.statusdatabuilder(DataBuilder.java:90)
	at com.rest.autotest.asserts.StatusResponseAsserts.statusResponseAsserts(StatusResponseAsserts.java:28)
	at com.rest.autotest.http.GetDeviceStatus.assertres(GetDeviceStatus.java:92)
	at com.rest.autotest.http.GetDeviceStatus.getDeviceStatus(GetDeviceStatus.java:61)
	at sun.reflect.GeneratedMethodAccessor155.invoke(Unknown Source)
	at sun.reflect.DelegatingMethodAccessorImpl.invoke(DelegatingMethodAccessorImpl.java:43)
	at java.lang.reflect.Method.invoke(Method.java:498)
	at org.testng.internal.MethodInvocationHelper.invokeMethod(MethodInvocationHelper.java:108)
	at org.testng.internal.Invoker.invokeMethod(Invoker.java:661)
	at org.testng.internal.Invoker.invokeTestMethod(Invoker.java:869)
	at org.testng.internal.TestMethodWithDataProviderMethodWorker.call(TestMethodWithDataProviderMethodWorker.java:75)
	at org.testng.internal.TestMethodWithDataProviderMethodWorker.call(TestMethodWithDataProviderMethodWorker.java:14)
	at java.util.concurrent.FutureTask.run(FutureTask.java:266)
	at java.util.concurrent.Executors$RunnableAdapter.call(Executors.java:511)
	at java.util.concurrent.FutureTask.run(FutureTask.java:266)
	at java.util.concurrent.ThreadPoolExecutor.runWorker(ThreadPoolExecutor.java:1149)
	at java.util.concurrent.ThreadPoolExecutor$Worker.run(ThreadPoolExecutor.java:624)
	at java.lang.Thread.run(Thread.java:748)
]]>
    </error>
  </testcase> <!-- getDeviceStatus -->
  <testcase name="getDeviceStatus" time="0.554" classname="com.rest.autotest.http.GetDeviceStatus"/>
  <testcase name="getDeviceStatus" time="0.538" classname="com.rest.autotest.http.GetDeviceStatus"/>
  <testcase name="getDeviceStatus" time="0.637" classname="com.rest.autotest.http.GetDeviceStatus"/>
  <testcase name="getDeviceStatus" time="0.630" classname="com.rest.autotest.http.GetDeviceStatus"/>
  <testcase name="getDeviceStatus" time="0.550" classname="com.rest.autotest.http.GetDeviceStatus"/>
  <testcase name="getDeviceStatus" time="1.149" classname="com.rest.autotest.http.GetDeviceStatus"/>
  <testcase name="getDeviceStatus" time="0.549" classname="com.rest.autotest.http.GetDeviceStatus"/>
  <testcase name="getDeviceStatus" time="0.967" classname="com.rest.autotest.http.GetDeviceStatus"/>
  <testcase name="getDeviceStatus" time="0.753" classname="com.rest.autotest.http.GetDeviceStatus"/>
  <testcase name="getDeviceStatus" time="0.632" classname="com.rest.autotest.http.GetDeviceStatus"/>
  <testcase name="getDeviceStatus" time="0.498" classname="com.rest.autotest.http.GetDeviceStatus"/>
  <testcase name="getDeviceStatus" time="0.998" classname="com.rest.autotest.http.GetDeviceStatus"/>
  <testcase name="getDeviceStatus" time="0.757" classname="com.rest.autotest.http.GetDeviceStatus"/>
  <testcase name="getDeviceStatus" time="0.566" classname="com.rest.autotest.http.GetDeviceStatus"/>
  <testcase name="getDeviceStatus" time="0.505" classname="com.rest.autotest.http.GetDeviceStatus"/>
  <testcase name="getDeviceStatus" time="0.599" classname="com.rest.autotest.http.GetDeviceStatus"/>
  <testcase name="getDeviceStatus" time="1.121" classname="com.rest.autotest.http.GetDeviceStatus"/>
  <testcase name="getDeviceStatus" time="0.645" classname="com.rest.autotest.http.GetDeviceStatus"/>
  <testcase name="getDeviceStatus" time="3.664" classname="com.rest.autotest.http.GetDeviceStatus">
    <error type="com.alibaba.fastjson.JSONException" message="syntax error, pos 1, line 1, column 2Access is denied">
      <![CDATA[com.alibaba.fastjson.JSONException: syntax error, pos 1, line 1, column 2Access is denied
	at com.alibaba.fastjson.parser.DefaultJSONParser.parse(DefaultJSONParser.java:1460)
	at com.alibaba.fastjson.parser.DefaultJSONParser.parse(DefaultJSONParser.java:1346)
	at com.alibaba.fastjson.JSON.parse(JSON.java:156)
	at com.alibaba.fastjson.JSON.parse(JSON.java:166)
	at com.alibaba.fastjson.JSON.parse(JSON.java:135)
	at com.alibaba.fastjson.JSONObject.getJSONArray(JSONObject.java:145)
	at com.rest.autotest.http.GetCcuList.GetCcuId(GetCcuList.java:81)
	at com.rest.autotest.http.GetDeviceList.getccuid(GetDeviceList.java:37)
	at com.rest.autotest.http.GetDeviceList.getdevicelist(GetDeviceList.java:55)
	at com.rest.autotest.data.DataBuilder.statusdatabuilder(DataBuilder.java:90)
	at com.rest.autotest.asserts.StatusResponseAsserts.statusResponseAsserts(StatusResponseAsserts.java:28)
	at com.rest.autotest.http.GetDeviceStatus.assertres(GetDeviceStatus.java:92)
	at com.rest.autotest.http.GetDeviceStatus.getDeviceStatus(GetDeviceStatus.java:61)
	at sun.reflect.NativeMethodAccessorImpl.invoke0(Native Method)
	at sun.reflect.NativeMethodAccessorImpl.invoke(NativeMethodAccessorImpl.java:62)
	at sun.reflect.DelegatingMethodAccessorImpl.invoke(DelegatingMethodAccessorImpl.java:43)
	at java.lang.reflect.Method.invoke(Method.java:498)
	at org.testng.internal.MethodInvocationHelper.invokeMethod(MethodInvocationHelper.java:108)
	at org.testng.internal.Invoker.invokeMethod(Invoker.java:661)
	at org.testng.internal.Invoker.invokeTestMethod(Invoker.java:869)
	at org.testng.internal.TestMethodWithDataProviderMethodWorker.call(TestMethodWithDataProviderMethodWorker.java:75)
	at org.testng.internal.TestMethodWithDataProviderMethodWorker.call(TestMethodWithDataProviderMethodWorker.java:14)
	at java.util.concurrent.FutureTask.run(FutureTask.java:266)
	at java.util.concurrent.Executors$RunnableAdapter.call(Executors.java:511)
	at java.util.concurrent.FutureTask.run(FutureTask.java:266)
	at java.util.concurrent.ThreadPoolExecutor.runWorker(ThreadPoolExecutor.java:1149)
	at java.util.concurrent.ThreadPoolExecutor$Worker.run(ThreadPoolExecutor.java:624)
	at java.lang.Thread.run(Thread.java:748)
]]>
    </error>
  </testcase> <!-- getDeviceStatus -->
  <testcase name="getDeviceStatus" time="0.705" classname="com.rest.autotest.http.GetDeviceStatus"/>
  <testcase name="getDeviceStatus" time="0.546" classname="com.rest.autotest.http.GetDeviceStatus"/>
  <testcase name="getDeviceStatus" time="0.599" classname="com.rest.autotest.http.GetDeviceStatus"/>
  <testcase name="getDeviceStatus" time="0.535" classname="com.rest.autotest.http.GetDeviceStatus"/>
  <testcase name="getDeviceStatus" time="0.522" classname="com.rest.autotest.http.GetDeviceStatus"/>
  <testcase name="getDeviceStatus" time="0.621" classname="com.rest.autotest.http.GetDeviceStatus"/>
  <testcase name="getDeviceStatus" time="1.077" classname="com.rest.autotest.http.GetDeviceStatus"/>
  <testcase name="getDeviceStatus" time="0.485" classname="com.rest.autotest.http.GetDeviceStatus"/>
  <testcase name="getDeviceStatus" time="0.985" classname="com.rest.autotest.http.GetDeviceStatus"/>
  <testcase name="getDeviceStatus" time="0.804" classname="com.rest.autotest.http.GetDeviceStatus"/>
  <testcase name="getDeviceStatus" time="0.571" classname="com.rest.autotest.http.GetDeviceStatus"/>
  <testcase name="getDeviceStatus" time="0.523" classname="com.rest.autotest.http.GetDeviceStatus"/>
  <testcase name="getDeviceStatus" time="0.417" classname="com.rest.autotest.http.GetDeviceStatus">
    <error type="com.alibaba.fastjson.JSONException" message="syntax error, pos 1, line 1, column 2&lt;html&gt;
&lt;head&gt;
&lt;meta http-equiv=&quot;Content-Type&quot; content=&quot;text/html;charset=utf-8&quot;/&gt;
&lt;title&gt;Error 403 No valid crumb was included in the request&lt;/title&gt;
&lt;/head&gt;
&lt;body&gt;&lt;h2&gt;HTTP ERROR 403&lt;/h2&gt;
&lt;p&gt;Problem accessing /null%3A4432/1.0/app/ccu/7f03de27-5447-4266-9491-e800867dccf9/deviceStatus. Reason:
&lt;pre&gt;    No valid crumb was included in the request&lt;/pre&gt;&lt;/p&gt;&lt;hr&gt;&lt;a href=&quot;http://eclipse.org/jetty&quot;&gt;Powered by Jetty:// 9.4.z-SNAPSHOT&lt;/a&gt;&lt;hr/&gt;

&lt;/body&gt;
&lt;/html&gt;
">
      <![CDATA[com.alibaba.fastjson.JSONException: syntax error, pos 1, line 1, column 2<html>
<head>
<meta http-equiv="Content-Type" content="text/html;charset=utf-8"/>
<title>Error 403 No valid crumb was included in the request</title>
</head>
<body><h2>HTTP ERROR 403</h2>
<p>Problem accessing /null%3A4432/1.0/app/ccu/7f03de27-5447-4266-9491-e800867dccf9/deviceStatus. Reason:
<pre>    No valid crumb was included in the request</pre></p><hr><a href="http://eclipse.org/jetty">Powered by Jetty:// 9.4.z-SNAPSHOT</a><hr/>

</body>
</html>

	at com.alibaba.fastjson.parser.DefaultJSONParser.parse(DefaultJSONParser.java:1460)
	at com.alibaba.fastjson.parser.DefaultJSONParser.parse(DefaultJSONParser.java:1346)
	at com.alibaba.fastjson.JSON.parse(JSON.java:156)
	at com.alibaba.fastjson.JSON.parse(JSON.java:166)
	at com.alibaba.fastjson.JSON.parse(JSON.java:135)
	at com.alibaba.fastjson.JSON.parseObject(JSON.java:227)
	at com.rest.autotest.reports.TestStep.respondBody(TestStep.java:33)
	at com.rest.autotest.reports.TestStep.requestAndRespondBody(TestStep.java:13)
	at com.rest.autotest.asserts.StatusResponseAsserts.statusResponseAsserts(StatusResponseAsserts.java:39)
	at com.rest.autotest.http.GetDeviceStatus.assertres(GetDeviceStatus.java:92)
	at com.rest.autotest.http.GetDeviceStatus.getDeviceStatus(GetDeviceStatus.java:61)
	at sun.reflect.GeneratedMethodAccessor155.invoke(Unknown Source)
	at sun.reflect.DelegatingMethodAccessorImpl.invoke(DelegatingMethodAccessorImpl.java:43)
	at java.lang.reflect.Method.invoke(Method.java:498)
	at org.testng.internal.MethodInvocationHelper.invokeMethod(MethodInvocationHelper.java:108)
	at org.testng.internal.Invoker.invokeMethod(Invoker.java:661)
	at org.testng.internal.Invoker.invokeTestMethod(Invoker.java:869)
	at org.testng.internal.TestMethodWithDataProviderMethodWorker.call(TestMethodWithDataProviderMethodWorker.java:75)
	at org.testng.internal.TestMethodWithDataProviderMethodWorker.call(TestMethodWithDataProviderMethodWorker.java:14)
	at java.util.concurrent.FutureTask.run(FutureTask.java:266)
	at java.util.concurrent.Executors$RunnableAdapter.call(Executors.java:511)
	at java.util.concurrent.FutureTask.run(FutureTask.java:266)
	at java.util.concurrent.ThreadPoolExecutor.runWorker(ThreadPoolExecutor.java:1149)
	at java.util.concurrent.ThreadPoolExecutor$Worker.run(ThreadPoolExecutor.java:624)
	at java.lang.Thread.run(Thread.java:748)
]]>
    </error>
  </testcase> <!-- getDeviceStatus -->
  <testcase name="getDeviceStatus" time="0.940" classname="com.rest.autotest.http.GetDeviceStatus"/>
  <testcase name="getDeviceStatus" time="0.450" classname="com.rest.autotest.http.GetDeviceStatus"/>
  <testcase name="getDeviceStatus" time="0.432" classname="com.rest.autotest.http.GetDeviceStatus">
    <error type="com.alibaba.fastjson.JSONException" message="syntax error, pos 1, line 1, column 2&lt;html&gt;
&lt;head&gt;
&lt;meta http-equiv=&quot;Content-Type&quot; content=&quot;text/html;charset=utf-8&quot;/&gt;
&lt;title&gt;Error 403 No valid crumb was included in the request&lt;/title&gt;
&lt;/head&gt;
&lt;body&gt;&lt;h2&gt;HTTP ERROR 403&lt;/h2&gt;
&lt;p&gt;Problem accessing /null%3A4432/1.0/app/ccu/7f03de27-5447-4266-9491-e800867dccf9/deviceStatus. Reason:
&lt;pre&gt;    No valid crumb was included in the request&lt;/pre&gt;&lt;/p&gt;&lt;hr&gt;&lt;a href=&quot;http://eclipse.org/jetty&quot;&gt;Powered by Jetty:// 9.4.z-SNAPSHOT&lt;/a&gt;&lt;hr/&gt;

&lt;/body&gt;
&lt;/html&gt;
">
      <![CDATA[com.alibaba.fastjson.JSONException: syntax error, pos 1, line 1, column 2<html>
<head>
<meta http-equiv="Content-Type" content="text/html;charset=utf-8"/>
<title>Error 403 No valid crumb was included in the request</title>
</head>
<body><h2>HTTP ERROR 403</h2>
<p>Problem accessing /null%3A4432/1.0/app/ccu/7f03de27-5447-4266-9491-e800867dccf9/deviceStatus. Reason:
<pre>    No valid crumb was included in the request</pre></p><hr><a href="http://eclipse.org/jetty">Powered by Jetty:// 9.4.z-SNAPSHOT</a><hr/>

</body>
</html>

	at com.alibaba.fastjson.parser.DefaultJSONParser.parse(DefaultJSONParser.java:1460)
	at com.alibaba.fastjson.parser.DefaultJSONParser.parse(DefaultJSONParser.java:1346)
	at com.alibaba.fastjson.JSON.parse(JSON.java:156)
	at com.alibaba.fastjson.JSON.parse(JSON.java:166)
	at com.alibaba.fastjson.JSON.parse(JSON.java:135)
	at com.alibaba.fastjson.JSON.parseObject(JSON.java:227)
	at com.rest.autotest.reports.TestStep.respondBody(TestStep.java:33)
	at com.rest.autotest.reports.TestStep.requestAndRespondBody(TestStep.java:13)
	at com.rest.autotest.asserts.StatusResponseAsserts.statusResponseAsserts(StatusResponseAsserts.java:39)
	at com.rest.autotest.http.GetDeviceStatus.assertres(GetDeviceStatus.java:92)
	at com.rest.autotest.http.GetDeviceStatus.getDeviceStatus(GetDeviceStatus.java:61)
	at sun.reflect.GeneratedMethodAccessor155.invoke(Unknown Source)
	at sun.reflect.DelegatingMethodAccessorImpl.invoke(DelegatingMethodAccessorImpl.java:43)
	at java.lang.reflect.Method.invoke(Method.java:498)
	at org.testng.internal.MethodInvocationHelper.invokeMethod(MethodInvocationHelper.java:108)
	at org.testng.internal.Invoker.invokeMethod(Invoker.java:661)
	at org.testng.internal.Invoker.invokeTestMethod(Invoker.java:869)
	at org.testng.internal.TestMethodWithDataProviderMethodWorker.call(TestMethodWithDataProviderMethodWorker.java:75)
	at org.testng.internal.TestMethodWithDataProviderMethodWorker.call(TestMethodWithDataProviderMethodWorker.java:14)
	at java.util.concurrent.FutureTask.run(FutureTask.java:266)
	at java.util.concurrent.Executors$RunnableAdapter.call(Executors.java:511)
	at java.util.concurrent.FutureTask.run(FutureTask.java:266)
	at java.util.concurrent.ThreadPoolExecutor.runWorker(ThreadPoolExecutor.java:1149)
	at java.util.concurrent.ThreadPoolExecutor$Worker.run(ThreadPoolExecutor.java:624)
	at java.lang.Thread.run(Thread.java:748)
]]>
    </error>
  </testcase> <!-- getDeviceStatus -->
  <testcase name="getDeviceStatus" time="0.642" classname="com.rest.autotest.http.GetDeviceStatus"/>
  <testcase name="getDeviceStatus" time="0.630" classname="com.rest.autotest.http.GetDeviceStatus"/>
  <testcase name="getDeviceStatus" time="0.660" classname="com.rest.autotest.http.GetDeviceStatus"/>
  <testcase name="getDeviceStatus" time="1.139" classname="com.rest.autotest.http.GetDeviceStatus"/>
  <testcase name="getDeviceStatus" time="0.481" classname="com.rest.autotest.http.GetDeviceStatus"/>
</testsuite> <!-- com.rest.autotest.http.GetDeviceStatus -->
